2024-10-09 12:04:34,485 - INFO     ->  1  -  .  -  .   - No auctions available
2024-10-09 12:04:35,071 - INFO     ->  2  -  .  -  .   - No auctions available
2024-10-09 12:04:36,304 - INFO     ->  3  -  .  -  .   - No auctions available
2024-10-09 12:04:36,584 - INFO     ->  4  -  .  -  .   - No auctions available
2024-10-09 12:04:36,894 - INFO     ->  5  -  .  -  .   - No auctions available
2024-10-09 12:04:37,182 - INFO     ->  6  -  .  -  .   - Auction retrieved: https://www.hacienda.gob.es/es-ES/Areas%20Tematicas/Patrimonio%20del%20Estado/Gestion%20Patrimonial%20del%20Estado/Paginas/Subastas/DEH-BADAJOZ/Subasta-Bienes-Inmuebles.aspx
2024-10-09 12:04:39,082 - INFO     ->  6  -  .  -  .   - List of lands: https://www.hacienda.gob.es/DGPatrimonio/Gestión%20Patrimonial/subastas/DEH%20BADAJOZ/Pliego-Condiciones-Subasta.pdf.xsig.pdf
2024-10-09 12:04:41,231 - INFO     ->  6  -  1  -  .   - ['5578801QC0257N0001UE'], 94987.0
2024-10-09 12:04:41,231 - INFO     ->  6  -  2  -  .   - ['5218075QC5751N0001DO', '5218075QC5751N0001DO'], 6070.0
2024-10-09 12:04:41,231 - INFO     ->  6  -  3  -  .   - ['2889408TJ6028N0001IU'], 11040.0
2024-10-09 12:04:41,231 - INFO     ->  6  -  4  -  .   - ['2115027QC3721N0001GL', '2115027QC3721N0001GL'], 85683.0
2024-10-09 12:04:41,231 - INFO     ->  6  -  5  -  .   - ['1902406PC9510S0001XO', '06063A003090070000AG'], 4185.0
2024-10-09 12:05:02,580 - INFO     ->  6  -  1  -  1   - Successfully downloaded PDF and KML of the land '5578801QC0257N0001UE' with coordinates '38°10'23.4"N 6°39'18.1"W' and data: {'localizacion': 'CL REMEDIOS LOS 59\n06340 FREGENAL DE LA SIERRA (BADAJOZ)', 'municipio': 'BADAJOZ', 'clase': 'Urbano', 'uso': 'AlmEst.UsoRESID', 'cultivo': None}.
2024-10-09 12:05:21,924 - INFO     ->  6  -  1  -  1   - Land '5578801QC0257N0001UE' is in 'BADAJOZ' province. More precisely is on 'FREGENAL DE LA SIERRA' locality with C.P. 06340
2024-10-09 12:05:34,373 - INFO     ->  6  -  1  -  1   - Screenshot of the land '5578801QC0257N0001UE' has been taken successfully.
2024-10-09 12:05:39,800 - INFO     ->  6  -  1  -  1   - The land '5578801QC0257N0001UE' has the next value None. 
2024-10-09 12:06:52,901 - INFO     ->  1  -  .  -  .   - No auctions available
2024-10-09 12:06:53,369 - INFO     ->  2  -  .  -  .   - No auctions available
2024-10-09 12:06:53,698 - INFO     ->  3  -  .  -  .   - No auctions available
2024-10-09 12:06:53,957 - INFO     ->  4  -  .  -  .   - No auctions available
2024-10-09 12:06:54,275 - INFO     ->  5  -  .  -  .   - No auctions available
2024-10-09 12:06:54,535 - INFO     ->  6  -  .  -  .   - Auction retrieved: https://www.hacienda.gob.es/es-ES/Areas%20Tematicas/Patrimonio%20del%20Estado/Gestion%20Patrimonial%20del%20Estado/Paginas/Subastas/DEH-BADAJOZ/Subasta-Bienes-Inmuebles.aspx
2024-10-09 12:06:56,303 - INFO     ->  6  -  .  -  .   - List of lands: https://www.hacienda.gob.es/DGPatrimonio/Gestión%20Patrimonial/subastas/DEH%20BADAJOZ/Pliego-Condiciones-Subasta.pdf.xsig.pdf
2024-10-09 12:06:58,239 - INFO     ->  6  -  1  -  .   - ['5578801QC0257N0001UE'], 94987.0
2024-10-09 12:06:58,239 - INFO     ->  6  -  2  -  .   - ['5218075QC5751N0001DO', '5218075QC5751N0001DO'], 6070.0
2024-10-09 12:06:58,239 - INFO     ->  6  -  3  -  .   - ['2889408TJ6028N0001IU'], 11040.0
2024-10-09 12:06:58,239 - INFO     ->  6  -  4  -  .   - ['2115027QC3721N0001GL', '2115027QC3721N0001GL'], 85683.0
2024-10-09 12:06:58,239 - INFO     ->  6  -  5  -  .   - ['1902406PC9510S0001XO', '06063A003090070000AG'], 4185.0
2024-10-09 12:07:18,463 - INFO     ->  6  -  1  -  1   - Successfully downloaded PDF and KML of the land '5578801QC0257N0001UE' with coordinates '38°10'23.4"N 6°39'18.1"W' and data: {'localizacion': 'CL REMEDIOS LOS 59\n06340 FREGENAL DE LA SIERRA (BADAJOZ)', 'municipio': 'BADAJOZ', 'clase': 'Urbano', 'uso': 'AlmEst.UsoRESID', 'cultivo': None}.
2024-10-09 12:07:29,370 - WARNING  -> Retrying (Retry(total=2, connect=None, read=None, redirect=None, status=None)) after connection broken by 'NewConnectionError('<urllib3.connection.HTTPConnection object at 0x702d306dd100>: Failed to establish a new connection: [Errno 111] Connection refused')': /session/e3d0e69ea55c4188e422e8dcb317c5c4/element
2024-10-09 12:07:29,371 - WARNING  -> Retrying (Retry(total=1, connect=None, read=None, redirect=None, status=None)) after connection broken by 'NewConnectionError('<urllib3.connection.HTTPConnection object at 0x702d1a30a090>: Failed to establish a new connection: [Errno 111] Connection refused')': /session/e3d0e69ea55c4188e422e8dcb317c5c4/element
2024-10-09 12:07:29,371 - WARNING  -> Retrying (Retry(total=0, connect=None, read=None, redirect=None, status=None)) after connection broken by 'NewConnectionError('<urllib3.connection.HTTPConnection object at 0x702d191cecc0>: Failed to establish a new connection: [Errno 111] Connection refused')': /session/e3d0e69ea55c4188e422e8dcb317c5c4/element
2024-10-09 12:07:29,371 - ERROR    ->  6  -  1  -  1   - Failed to get 'cp, province, locality'.
Traceback (most recent call last):
  File "/home/miguel/coding-projects/ScrapingFincasHacienda/env/lib/python3.12/site-packages/urllib3/connection.py", line 198, in _new_conn
    sock = connection.create_connection(
           ^^^^^^^^^^^^^^^^^^^^^^^^^^^^^
  File "/home/miguel/coding-projects/ScrapingFincasHacienda/env/lib/python3.12/site-packages/urllib3/util/connection.py", line 85, in create_connection
    raise err
  File "/home/miguel/coding-projects/ScrapingFincasHacienda/env/lib/python3.12/site-packages/urllib3/util/connection.py", line 73, in create_connection
    sock.connect(sa)
ConnectionRefusedError: [Errno 111] Connection refused

The above exception was the direct cause of the following exception:

Traceback (most recent call last):
  File "/home/miguel/coding-projects/ScrapingFincasHacienda/env/lib/python3.12/site-packages/urllib3/connectionpool.py", line 793, in urlopen
    response = self._make_request(
               ^^^^^^^^^^^^^^^^^^^
  File "/home/miguel/coding-projects/ScrapingFincasHacienda/env/lib/python3.12/site-packages/urllib3/connectionpool.py", line 496, in _make_request
    conn.request(
  File "/home/miguel/coding-projects/ScrapingFincasHacienda/env/lib/python3.12/site-packages/urllib3/connection.py", line 400, in request
    self.endheaders()
  File "/usr/lib/python3.12/http/client.py", line 1331, in endheaders
    self._send_output(message_body, encode_chunked=encode_chunked)
  File "/usr/lib/python3.12/http/client.py", line 1091, in _send_output
    self.send(msg)
  File "/usr/lib/python3.12/http/client.py", line 1035, in send
    self.connect()
  File "/home/miguel/coding-projects/ScrapingFincasHacienda/env/lib/python3.12/site-packages/urllib3/connection.py", line 238, in connect
    self.sock = self._new_conn()
                ^^^^^^^^^^^^^^^^
  File "/home/miguel/coding-projects/ScrapingFincasHacienda/env/lib/python3.12/site-packages/urllib3/connection.py", line 213, in _new_conn
    raise NewConnectionError(
urllib3.exceptions.NewConnectionError: <urllib3.connection.HTTPConnection object at 0x702d1cae15e0>: Failed to establish a new connection: [Errno 111] Connection refused

The above exception was the direct cause of the following exception:

Traceback (most recent call last):
  File "/home/miguel/coding-projects/ScrapingFincasHacienda/scrapingFincasHacienda/Correos/correos.py", line 62, in get_data
    self.__search()
  File "/home/miguel/coding-projects/ScrapingFincasHacienda/scrapingFincasHacienda/Correos/correos.py", line 116, in __search
    search_input = self.find_element(
                   ^^^^^^^^^^^^^^^^^^
  File "/home/miguel/coding-projects/ScrapingFincasHacienda/env/lib/python3.12/site-packages/selenium/webdriver/remote/webdriver.py", line 748, in find_element
    return self.execute(Command.FIND_ELEMENT, {"using": by, "value": value})["value"]
           ^^^^^^^^^^^^^^^^^^^^^^^^^^^^^^^^^^^^^^^^^^^^^^^^^^^^^^^^^^^^^^^^^
  File "/home/miguel/coding-projects/ScrapingFincasHacienda/env/lib/python3.12/site-packages/selenium/webdriver/remote/webdriver.py", line 352, in execute
    response = self.command_executor.execute(driver_command, params)
               ^^^^^^^^^^^^^^^^^^^^^^^^^^^^^^^^^^^^^^^^^^^^^^^^^^^^^
  File "/home/miguel/coding-projects/ScrapingFincasHacienda/env/lib/python3.12/site-packages/selenium/webdriver/remote/remote_connection.py", line 306, in execute
    return self._request(command_info[0], url, body=data)
           ^^^^^^^^^^^^^^^^^^^^^^^^^^^^^^^^^^^^^^^^^^^^^^
  File "/home/miguel/coding-projects/ScrapingFincasHacienda/env/lib/python3.12/site-packages/selenium/webdriver/remote/remote_connection.py", line 326, in _request
    response = self._conn.request(method, url, body=body, headers=headers)
               ^^^^^^^^^^^^^^^^^^^^^^^^^^^^^^^^^^^^^^^^^^^^^^^^^^^^^^^^^^^
  File "/home/miguel/coding-projects/ScrapingFincasHacienda/env/lib/python3.12/site-packages/urllib3/_request_methods.py", line 144, in request
    return self.request_encode_body(
           ^^^^^^^^^^^^^^^^^^^^^^^^^
  File "/home/miguel/coding-projects/ScrapingFincasHacienda/env/lib/python3.12/site-packages/urllib3/_request_methods.py", line 279, in request_encode_body
    return self.urlopen(method, url, **extra_kw)
           ^^^^^^^^^^^^^^^^^^^^^^^^^^^^^^^^^^^^^
  File "/home/miguel/coding-projects/ScrapingFincasHacienda/env/lib/python3.12/site-packages/urllib3/poolmanager.py", line 444, in urlopen
    response = conn.urlopen(method, u.request_uri, **kw)
               ^^^^^^^^^^^^^^^^^^^^^^^^^^^^^^^^^^^^^^^^^
  File "/home/miguel/coding-projects/ScrapingFincasHacienda/env/lib/python3.12/site-packages/urllib3/connectionpool.py", line 877, in urlopen
    return self.urlopen(
           ^^^^^^^^^^^^^
  File "/home/miguel/coding-projects/ScrapingFincasHacienda/env/lib/python3.12/site-packages/urllib3/connectionpool.py", line 877, in urlopen
    return self.urlopen(
           ^^^^^^^^^^^^^
  File "/home/miguel/coding-projects/ScrapingFincasHacienda/env/lib/python3.12/site-packages/urllib3/connectionpool.py", line 877, in urlopen
    return self.urlopen(
           ^^^^^^^^^^^^^
  File "/home/miguel/coding-projects/ScrapingFincasHacienda/env/lib/python3.12/site-packages/urllib3/connectionpool.py", line 847, in urlopen
    retries = retries.increment(
              ^^^^^^^^^^^^^^^^^^
  File "/home/miguel/coding-projects/ScrapingFincasHacienda/env/lib/python3.12/site-packages/urllib3/util/retry.py", line 515, in increment
    raise MaxRetryError(_pool, url, reason) from reason  # type: ignore[arg-type]
    ^^^^^^^^^^^^^^^^^^^^^^^^^^^^^^^^^^^^^^^^^^^^^^^^^^^
urllib3.exceptions.MaxRetryError: HTTPConnectionPool(host='localhost', port=36825): Max retries exceeded with url: /session/e3d0e69ea55c4188e422e8dcb317c5c4/element (Caused by NewConnectionError('<urllib3.connection.HTTPConnection object at 0x702d1cae15e0>: Failed to establish a new connection: [Errno 111] Connection refused'))
2024-10-09 12:07:29,375 - WARNING  -> Retrying (Retry(total=2, connect=None, read=None, redirect=None, status=None)) after connection broken by 'NewConnectionError('<urllib3.connection.HTTPConnection object at 0x702d1d9b84d0>: Failed to establish a new connection: [Errno 111] Connection refused')': /session/e3d0e69ea55c4188e422e8dcb317c5c4
2024-10-09 12:07:29,375 - WARNING  -> Retrying (Retry(total=1, connect=None, read=None, redirect=None, status=None)) after connection broken by 'NewConnectionError('<urllib3.connection.HTTPConnection object at 0x702d1c4adac0>: Failed to establish a new connection: [Errno 111] Connection refused')': /session/e3d0e69ea55c4188e422e8dcb317c5c4
2024-10-09 12:07:29,375 - WARNING  -> Retrying (Retry(total=0, connect=None, read=None, redirect=None, status=None)) after connection broken by 'NewConnectionError('<urllib3.connection.HTTPConnection object at 0x702d1cae0cb0>: Failed to establish a new connection: [Errno 111] Connection refused')': /session/e3d0e69ea55c4188e422e8dcb317c5c4
2024-10-09 12:07:50,211 - INFO     ->  7  -  .  -  .   - No auctions available
2024-10-09 12:07:51,723 - INFO     ->  8  -  .  -  .   - No auctions available
2024-10-09 12:07:53,036 - INFO     ->  9  -  .  -  .   - No auctions available
2024-10-09 12:07:53,995 - INFO     ->  10 -  .  -  .   - Auction retrieved: https://www.hacienda.gob.es/es-ES/Areas%20Tematicas/Patrimonio%20del%20Estado/Gestion%20Patrimonial%20del%20Estado/Paginas/Subastas/DEH-CACERES/Subasta-bienes-inmuebles.aspx
2024-10-09 12:07:56,455 - INFO     ->  10 -  .  -  .   - List of lands: https://www.hacienda.gob.es/DGPatrimonio/Gestión%20Patrimonial/subastas/DEH%20CACERES/Pliego.pdf.xsig.pdf
2024-10-09 12:07:59,186 - WARNING  ->  10 -  1  -  .   - Failed to process the lote 1
2024-10-09 12:07:59,187 - INFO     ->  10 -  2  -  .   - ['4226002QD2742E0021IE'], 58292.0
2024-10-09 12:07:59,187 - INFO     ->  10 -  3  -  .   - ['8669202TJ4586N0001HZ'], 2006.0
2024-10-09 12:07:59,187 - INFO     ->  10 -  4  -  .   - ['0676014TJ4507N0001TY'], 2322.0
2024-10-09 12:07:59,187 - INFO     ->  10 -  5  -  .   - ['0676013TJ4507N0001LY'], 1609.05
2024-10-09 12:07:59,187 - WARNING  ->  10 -  6  -  .   - Failed to process the lote 6
2024-10-09 12:07:59,187 - INFO     ->  10 -  7  -  .   - ['5724008QD2752D0017QB'], 220957.12
2024-10-09 12:07:59,187 - INFO     ->  10 -  8  -  .   - ['10115A014090180000ZM'], 14088.03
2024-10-09 12:08:21,526 - INFO     ->  11 -  .  -  .   - Auction retrieved: https://www.hacienda.gob.es/es-ES/Areas%20Tematicas/Patrimonio%20del%20Estado/Gestion%20Patrimonial%20del%20Estado/Paginas/Subastas/Parte-de-casa-Medina-Sidonia-y-piso-en-Jerez-de-la-Frontera.aspx
2024-10-09 12:08:23,661 - INFO     ->  11 -  .  -  .   - List of lands: https://www.hacienda.gob.es/DGPatrimonio/Gestión%20Patrimonial/subastas/DEH-CADIZ/Pliego%20de%20condiciones.pdf.xsig.pdf
2024-10-09 12:08:25,316 - WARNING  ->  11 -  1  -  .   - Failed to process the lote 1
2024-10-09 12:08:25,317 - WARNING  ->  11 -  2  -  .   - Failed to process the lote 2
2024-10-09 12:08:25,565 - INFO     ->  12 -  .  -  .   - No auctions available
2024-10-09 12:08:25,819 - INFO     ->  13 -  .  -  .   - No auctions available
2024-10-09 12:08:26,068 - INFO     ->  14 -  .  -  .   - No auctions available
2024-10-09 12:08:26,363 - INFO     ->  15 -  .  -  .   - No auctions available
2024-10-09 12:08:26,652 - INFO     ->  16 -  .  -  .   - Auction retrieved: https://www.hacienda.gob.es/es-ES/Areas%20Tematicas/Patrimonio%20del%20Estado/Gestion%20Patrimonial%20del%20Estado/Paginas/Subastas/DEH-CUENCA-Subasta-publica.aspx
2024-10-09 12:08:28,816 - INFO     ->  16 -  .  -  .   - List of lands: https://www.hacienda.gob.es/DGPatrimonio/Gestión%20Patrimonial/subastas/DEH_CUENCA/Pliego%20de%20condiciones.pdf
2024-10-09 12:08:31,369 - INFO     ->  16 -  1  -  .   - ['16102A502000230000QX'], 3025.0
2024-10-09 12:08:31,369 - INFO     ->  16 -  2  -  .   - ['16102A502000490000QK'], 8500.0
2024-10-09 12:08:31,369 - INFO     ->  16 -  3  -  .   - ['16102A502000960000QU'], 710.98
2024-10-09 12:08:31,369 - INFO     ->  16 -  4  -  .   - ['16102A503000010000QI'], 3350.0
2024-10-09 12:08:31,369 - INFO     ->  16 -  5  -  .   - ['16102A503000190000QT'], 750.0
2024-10-09 12:08:31,369 - INFO     ->  16 -  6  -  .   - ['16102A503000230000QF'], 2450.0
2024-10-09 12:08:31,369 - INFO     ->  16 -  7  -  .   - ['16102A503000320000QX'], 6651.12
2024-10-09 12:08:31,369 - INFO     ->  16 -  8  -  .   - ['16102A504000230000QY'], 1850.0
2024-10-09 12:08:31,369 - INFO     ->  16 -  9  -  .   - ['16102A505000060000QF'], 5300.0
2024-10-09 12:08:31,369 - INFO     ->  16 -  10 -  .   - ['16102A506000280000QS'], 550.0
2024-10-09 12:08:31,369 - INFO     ->  16 -  11 -  .   - ['16102A506000330000QU'], 2100.0
2024-10-09 12:08:31,369 - INFO     ->  16 -  12 -  .   - ['16102A506000510000QM'], 17500.0
2024-10-09 12:08:31,369 - INFO     ->  16 -  13 -  .   - ['16102A507001060000QW'], 380.0
2024-10-09 12:08:31,369 - INFO     ->  16 -  14 -  .   - ['16102A508000290000QT'], 210.0
2024-10-09 12:08:31,369 - INFO     ->  16 -  15 -  .   - ['16102A508000330000QF'], 240.0
2024-10-09 12:08:31,369 - INFO     ->  16 -  16 -  .   - ['16102A508000380000QD'], 209.51
2024-10-09 12:08:31,369 - INFO     ->  16 -  17 -  .   - ['16102A508000490000QH'], 300.0
2024-10-09 12:08:31,369 - INFO     ->  16 -  18 -  .   - ['16102A509000010000QY'], 560.0
2024-10-09 12:08:31,369 - INFO     ->  16 -  19 -  .   - ['16102A510000010000QX'], 4512.8
2024-10-09 12:08:31,369 - INFO     ->  16 -  20 -  .   - ['16102A512000580000QH'], 750.0
2024-10-09 12:08:31,369 - INFO     ->  16 -  21 -  .   - ['16102A512000620000QW'], 200.0
2024-10-09 12:08:31,370 - INFO     ->  16 -  22 -  .   - ['16102A515000470000QS'], 775.0
2024-10-09 12:08:31,370 - INFO     ->  16 -  23 -  .   - ['16233A501000170000OE'], 300.0
2024-10-09 12:08:31,370 - INFO     ->  16 -  24 -  .   - ['16233A501000630000OY'], 10283.18
2024-10-09 12:08:31,370 - INFO     ->  16 -  25 -  .   - ['16233A501000700000OL'], 5834.87
2024-10-09 12:08:31,370 - INFO     ->  16 -  26 -  .   - ['16233A503000150000OG'], 300.0
2024-10-09 12:08:31,370 - INFO     ->  16 -  27 -  .   - ['16233A503000200000OP'], 900.0
2024-10-09 12:08:31,370 - INFO     ->  16 -  28 -  .   - ['16233A503000340000OJ'], 4150.0
2024-10-09 12:08:31,370 - INFO     ->  16 -  29 -  .   - ['16233A506000020000OH'], 6000.0
2024-10-09 12:08:31,370 - INFO     ->  16 -  30 -  .   - ['16233A506000040000OA'], 1050.0
2024-10-09 12:08:31,370 - INFO     ->  16 -  31 -  .   - ['16233A506000060000OY'], 3700.0
2024-10-09 12:08:31,370 - INFO     ->  16 -  32 -  .   - ['16233A506000090000OP'], 400.0
2024-10-09 12:08:31,370 - INFO     ->  16 -  33 -  .   - ['16233A506010010000OS'], 2830.0
2024-10-09 12:08:31,370 - INFO     ->  16 -  34 -  .   - ['16233A506010020000OZ'], 300.0
2024-10-09 12:08:31,370 - INFO     ->  16 -  35 -  .   - ['16233A508000220000OA'], 1383.67
2024-10-09 12:08:31,370 - INFO     ->  16 -  36 -  .   - ['16233A551000250000OZ'], 3650.0
2024-10-09 12:08:31,370 - INFO     ->  16 -  37 -  .   - ['16123A501000250000GW'], 1083.75
2024-10-09 12:08:31,370 - INFO     ->  16 -  38 -  .   - ['16123A511001620000GF'], 1117.75
2024-10-09 12:08:31,370 - INFO     ->  16 -  39 -  .   - ['16123A511000310000GL'], 450.5
2024-10-09 12:08:31,370 - INFO     ->  16 -  40 -  .   - ['16256A510000560000IF'], 2125.0
2024-10-09 12:08:31,370 - INFO     ->  16 -  41 -  .   - ['16256A510000680000IE'], 416.5
2024-10-09 12:08:31,370 - INFO     ->  16 -  42 -  .   - ['16256A513000510000IF'], 892.5
2024-10-09 12:08:31,370 - INFO     ->  16 -  43 -  .   - ['16256A513000520000IM'], 255.0
2024-10-09 12:08:31,370 - INFO     ->  16 -  44 -  .   - ['16256A515000990000IM'], 1275.0
2024-10-09 12:08:31,370 - INFO     ->  16 -  45 -  .   - ['16256A516000450000IO'], 977.5
2024-10-09 12:08:31,370 - INFO     ->  16 -  46 -  .   - ['16256A525000400000II'], 743.75
2024-10-09 12:08:31,370 - INFO     ->  16 -  47 -  .   - ['16233A507000260000OO'], 6375.0
2024-10-09 12:08:31,370 - INFO     ->  16 -  48 -  .   - ['16233A507000300000OK'], 255.0
2024-10-09 12:08:31,370 - INFO     ->  16 -  49 -  .   - ['16256A511000300000IP'], 6502.5
2024-10-09 12:08:31,370 - INFO     ->  16 -  50 -  .   - ['16256A512000650000IY'], 1986.88
2024-10-09 12:08:31,370 - INFO     ->  16 -  51 -  .   - ['16256A516000490000IX'], 1408.88
2024-10-09 12:08:31,370 - INFO     ->  16 -  52 -  .   - ['16256A521000660000ID'], 1192.13
2024-10-09 12:08:31,370 - INFO     ->  16 -  53 -  .   - ['16123A509001370000GM'], 484.08
2024-10-09 12:08:31,370 - WARNING  ->  16 -  54 -  .   - Failed to process the lote 54
2024-10-09 12:08:31,370 - WARNING  ->  16 -  55 -  .   - Failed to process the lote 55
2024-10-09 12:08:31,370 - INFO     ->  16 -  56 -  .   - ['16123A524000410000GW'], 552.71
2024-10-09 12:08:31,370 - INFO     ->  16 -  57 -  .   - ['16123A520001480000GO'], 399.19
2024-10-09 12:08:31,371 - INFO     ->  16 -  58 -  .   - ['16123A508001510000GA', '16123A511010180000GU'], 775.64
2024-10-09 12:08:33,852 - ERROR    ->  16 -  1  -  1   - Failed to get data from land '16102A502000230000QX'
Traceback (most recent call last):
  File "/home/miguel/coding-projects/ScrapingFincasHacienda/scrapingFincasHacienda/Catastro/catastro.py", line 81, in get_data
    self.__search()
  File "/home/miguel/coding-projects/ScrapingFincasHacienda/scrapingFincasHacienda/Catastro/catastro.py", line 132, in __search
    self.__close_cookies()
  File "/home/miguel/coding-projects/ScrapingFincasHacienda/scrapingFincasHacienda/Catastro/catastro.py", line 298, in __close_cookies
    button_cookie.click()
    ^^^^^^^^^^^^^^^^^^^
AttributeError: 'NoneType' object has no attribute 'click'
2024-10-09 12:08:35,863 - ERROR    ->  16 -  2  -  1   - Failed to get data from land '16102A502000490000QK'
Traceback (most recent call last):
  File "/home/miguel/coding-projects/ScrapingFincasHacienda/scrapingFincasHacienda/Catastro/catastro.py", line 81, in get_data
    self.__search()
  File "/home/miguel/coding-projects/ScrapingFincasHacienda/scrapingFincasHacienda/Catastro/catastro.py", line 132, in __search
    self.__close_cookies()
  File "/home/miguel/coding-projects/ScrapingFincasHacienda/scrapingFincasHacienda/Catastro/catastro.py", line 294, in __close_cookies
    button_cookie = self.find_element(
                    ^^^^^^^^^^^^^^^^^^
  File "/home/miguel/coding-projects/ScrapingFincasHacienda/env/lib/python3.12/site-packages/selenium/webdriver/remote/webdriver.py", line 748, in find_element
    return self.execute(Command.FIND_ELEMENT, {"using": by, "value": value})["value"]
           ^^^^^^^^^^^^^^^^^^^^^^^^^^^^^^^^^^^^^^^^^^^^^^^^^^^^^^^^^^^^^^^^^
  File "/home/miguel/coding-projects/ScrapingFincasHacienda/env/lib/python3.12/site-packages/selenium/webdriver/remote/webdriver.py", line 354, in execute
    self.error_handler.check_response(response)
  File "/home/miguel/coding-projects/ScrapingFincasHacienda/env/lib/python3.12/site-packages/selenium/webdriver/remote/errorhandler.py", line 229, in check_response
    raise exception_class(message, screen, stacktrace)
selenium.common.exceptions.NoSuchWindowException: Message: no such window: target window already closed
from unknown error: web view not found
  (Session info: chrome=128.0.6613.113)
Stacktrace:
#0 0x6161dc18a2da <unknown>
#1 0x6161dbe58200 <unknown>
#2 0x6161dbe2da1f <unknown>
#3 0x6161dbed4eed <unknown>
#4 0x6161dbeea6a9 <unknown>
#5 0x6161dbecc673 <unknown>
#6 0x6161dbe9a473 <unknown>
#7 0x6161dbe9b47e <unknown>
#8 0x6161dc1510db <unknown>
#9 0x6161dc155071 <unknown>
#10 0x6161dc13d9d5 <unknown>
#11 0x6161dc155bf2 <unknown>
#12 0x6161dc122b6f <unknown>
#13 0x6161dc179248 <unknown>
#14 0x6161dc179417 <unknown>
#15 0x6161dc1890cc <unknown>
#16 0x78d986ae939d <unknown>
#17 0x78d986b6e49c <unknown>

2024-10-09 12:08:38,631 - ERROR    ->  16 -  3  -  1   - Failed to get data from land '16102A502000960000QU'
Traceback (most recent call last):
  File "/home/miguel/coding-projects/ScrapingFincasHacienda/scrapingFincasHacienda/Catastro/catastro.py", line 81, in get_data
    self.__search()
  File "/home/miguel/coding-projects/ScrapingFincasHacienda/scrapingFincasHacienda/Catastro/catastro.py", line 132, in __search
    self.__close_cookies()
  File "/home/miguel/coding-projects/ScrapingFincasHacienda/scrapingFincasHacienda/Catastro/catastro.py", line 294, in __close_cookies
    button_cookie = self.find_element(
                    ^^^^^^^^^^^^^^^^^^
  File "/home/miguel/coding-projects/ScrapingFincasHacienda/env/lib/python3.12/site-packages/selenium/webdriver/remote/webdriver.py", line 748, in find_element
    return self.execute(Command.FIND_ELEMENT, {"using": by, "value": value})["value"]
           ^^^^^^^^^^^^^^^^^^^^^^^^^^^^^^^^^^^^^^^^^^^^^^^^^^^^^^^^^^^^^^^^^
  File "/home/miguel/coding-projects/ScrapingFincasHacienda/env/lib/python3.12/site-packages/selenium/webdriver/remote/webdriver.py", line 354, in execute
    self.error_handler.check_response(response)
  File "/home/miguel/coding-projects/ScrapingFincasHacienda/env/lib/python3.12/site-packages/selenium/webdriver/remote/errorhandler.py", line 229, in check_response
    raise exception_class(message, screen, stacktrace)
selenium.common.exceptions.NoSuchWindowException: Message: no such window: target window already closed
from unknown error: web view not found
  (Session info: chrome=128.0.6613.113)
Stacktrace:
#0 0x5b8ffdc942da <unknown>
#1 0x5b8ffd962200 <unknown>
#2 0x5b8ffd937a1f <unknown>
#3 0x5b8ffd9deeed <unknown>
#4 0x5b8ffd9f46a9 <unknown>
#5 0x5b8ffd9d6673 <unknown>
#6 0x5b8ffd9a4473 <unknown>
#7 0x5b8ffd9a547e <unknown>
#8 0x5b8ffdc5b0db <unknown>
#9 0x5b8ffdc5f071 <unknown>
#10 0x5b8ffdc479d5 <unknown>
#11 0x5b8ffdc5fbf2 <unknown>
#12 0x5b8ffdc2cb6f <unknown>
#13 0x5b8ffdc83248 <unknown>
#14 0x5b8ffdc83417 <unknown>
#15 0x5b8ffdc930cc <unknown>
#16 0x7a5be89d539d <unknown>
#17 0x7a5be8a5a49c <unknown>

2024-10-09 12:09:47,584 - INFO     ->  16 -  .  -  .   - Auction retrieved: https://www.hacienda.gob.es/es-ES/Areas%20Tematicas/Patrimonio%20del%20Estado/Gestion%20Patrimonial%20del%20Estado/Paginas/Subastas/DEH-CUENCA-Subasta-publica.aspx
2024-10-09 12:10:00,300 - INFO     ->  16 -  .  -  .   - Auction retrieved: https://www.hacienda.gob.es/es-ES/Areas%20Tematicas/Patrimonio%20del%20Estado/Gestion%20Patrimonial%20del%20Estado/Paginas/Subastas/DEH-CUENCA-Subasta-publica.aspx
2024-10-09 12:10:03,509 - INFO     ->  16 -  .  -  .   - List of lands: https://www.hacienda.gob.es/DGPatrimonio/Gestión%20Patrimonial/subastas/DEH_CUENCA/Pliego%20de%20condiciones.pdf
2024-10-09 12:10:05,735 - INFO     ->  16 -  1  -  .   - ['16102A502000230000QX'], 3025.0
2024-10-09 12:10:05,735 - INFO     ->  16 -  2  -  .   - ['16102A502000490000QK'], 8500.0
2024-10-09 12:10:05,735 - INFO     ->  16 -  3  -  .   - ['16102A502000960000QU'], 710.98
2024-10-09 12:10:05,735 - INFO     ->  16 -  4  -  .   - ['16102A503000010000QI'], 3350.0
2024-10-09 12:10:05,735 - INFO     ->  16 -  5  -  .   - ['16102A503000190000QT'], 750.0
2024-10-09 12:10:05,735 - INFO     ->  16 -  6  -  .   - ['16102A503000230000QF'], 2450.0
2024-10-09 12:10:05,735 - INFO     ->  16 -  7  -  .   - ['16102A503000320000QX'], 6651.12
2024-10-09 12:10:05,735 - INFO     ->  16 -  8  -  .   - ['16102A504000230000QY'], 1850.0
2024-10-09 12:10:05,735 - INFO     ->  16 -  9  -  .   - ['16102A505000060000QF'], 5300.0
2024-10-09 12:10:05,735 - INFO     ->  16 -  10 -  .   - ['16102A506000280000QS'], 550.0
2024-10-09 12:10:05,735 - INFO     ->  16 -  11 -  .   - ['16102A506000330000QU'], 2100.0
2024-10-09 12:10:05,735 - INFO     ->  16 -  12 -  .   - ['16102A506000510000QM'], 17500.0
2024-10-09 12:10:05,736 - INFO     ->  16 -  13 -  .   - ['16102A507001060000QW'], 380.0
2024-10-09 12:10:05,736 - INFO     ->  16 -  14 -  .   - ['16102A508000290000QT'], 210.0
2024-10-09 12:10:05,736 - INFO     ->  16 -  15 -  .   - ['16102A508000330000QF'], 240.0
2024-10-09 12:10:05,736 - INFO     ->  16 -  16 -  .   - ['16102A508000380000QD'], 209.51
2024-10-09 12:10:05,736 - INFO     ->  16 -  17 -  .   - ['16102A508000490000QH'], 300.0
2024-10-09 12:10:05,736 - INFO     ->  16 -  18 -  .   - ['16102A509000010000QY'], 560.0
2024-10-09 12:10:05,736 - INFO     ->  16 -  19 -  .   - ['16102A510000010000QX'], 4512.8
2024-10-09 12:10:05,736 - INFO     ->  16 -  20 -  .   - ['16102A512000580000QH'], 750.0
2024-10-09 12:10:05,736 - INFO     ->  16 -  21 -  .   - ['16102A512000620000QW'], 200.0
2024-10-09 12:10:05,736 - INFO     ->  16 -  22 -  .   - ['16102A515000470000QS'], 775.0
2024-10-09 12:10:05,736 - INFO     ->  16 -  23 -  .   - ['16233A501000170000OE'], 300.0
2024-10-09 12:10:05,736 - INFO     ->  16 -  24 -  .   - ['16233A501000630000OY'], 10283.18
2024-10-09 12:10:05,736 - INFO     ->  16 -  25 -  .   - ['16233A501000700000OL'], 5834.87
2024-10-09 12:10:05,736 - INFO     ->  16 -  26 -  .   - ['16233A503000150000OG'], 300.0
2024-10-09 12:10:05,736 - INFO     ->  16 -  27 -  .   - ['16233A503000200000OP'], 900.0
2024-10-09 12:10:05,736 - INFO     ->  16 -  28 -  .   - ['16233A503000340000OJ'], 4150.0
2024-10-09 12:10:05,736 - INFO     ->  16 -  29 -  .   - ['16233A506000020000OH'], 6000.0
2024-10-09 12:10:05,736 - INFO     ->  16 -  30 -  .   - ['16233A506000040000OA'], 1050.0
2024-10-09 12:10:05,736 - INFO     ->  16 -  31 -  .   - ['16233A506000060000OY'], 3700.0
2024-10-09 12:10:05,736 - INFO     ->  16 -  32 -  .   - ['16233A506000090000OP'], 400.0
2024-10-09 12:10:05,736 - INFO     ->  16 -  33 -  .   - ['16233A506010010000OS'], 2830.0
2024-10-09 12:10:05,736 - INFO     ->  16 -  34 -  .   - ['16233A506010020000OZ'], 300.0
2024-10-09 12:10:05,736 - INFO     ->  16 -  35 -  .   - ['16233A508000220000OA'], 1383.67
2024-10-09 12:10:05,736 - INFO     ->  16 -  36 -  .   - ['16233A551000250000OZ'], 3650.0
2024-10-09 12:10:05,736 - INFO     ->  16 -  37 -  .   - ['16123A501000250000GW'], 1083.75
2024-10-09 12:10:05,736 - INFO     ->  16 -  38 -  .   - ['16123A511001620000GF'], 1117.75
2024-10-09 12:10:05,736 - INFO     ->  16 -  39 -  .   - ['16123A511000310000GL'], 450.5
2024-10-09 12:10:05,736 - INFO     ->  16 -  40 -  .   - ['16256A510000560000IF'], 2125.0
2024-10-09 12:10:05,736 - INFO     ->  16 -  41 -  .   - ['16256A510000680000IE'], 416.5
2024-10-09 12:10:05,736 - INFO     ->  16 -  42 -  .   - ['16256A513000510000IF'], 892.5
2024-10-09 12:10:05,736 - INFO     ->  16 -  43 -  .   - ['16256A513000520000IM'], 255.0
2024-10-09 12:10:05,736 - INFO     ->  16 -  44 -  .   - ['16256A515000990000IM'], 1275.0
2024-10-09 12:10:05,736 - INFO     ->  16 -  45 -  .   - ['16256A516000450000IO'], 977.5
2024-10-09 12:10:05,736 - INFO     ->  16 -  46 -  .   - ['16256A525000400000II'], 743.75
2024-10-09 12:10:05,736 - INFO     ->  16 -  47 -  .   - ['16233A507000260000OO'], 6375.0
2024-10-09 12:10:05,736 - INFO     ->  16 -  48 -  .   - ['16233A507000300000OK'], 255.0
2024-10-09 12:10:05,736 - INFO     ->  16 -  49 -  .   - ['16256A511000300000IP'], 6502.5
2024-10-09 12:10:05,736 - INFO     ->  16 -  50 -  .   - ['16256A512000650000IY'], 1986.88
2024-10-09 12:10:05,736 - INFO     ->  16 -  51 -  .   - ['16256A516000490000IX'], 1408.88
2024-10-09 12:10:05,736 - INFO     ->  16 -  52 -  .   - ['16256A521000660000ID'], 1192.13
2024-10-09 12:10:05,737 - INFO     ->  16 -  53 -  .   - ['16123A509001370000GM'], 484.08
2024-10-09 12:10:05,737 - WARNING  ->  16 -  54 -  .   - Failed to process the lote 54
2024-10-09 12:10:05,737 - WARNING  ->  16 -  55 -  .   - Failed to process the lote 55
2024-10-09 12:10:05,737 - INFO     ->  16 -  56 -  .   - ['16123A524000410000GW'], 552.71
2024-10-09 12:10:05,737 - INFO     ->  16 -  57 -  .   - ['16123A520001480000GO'], 399.19
2024-10-09 12:10:05,737 - INFO     ->  16 -  58 -  .   - ['16123A508001510000GA', '16123A511010180000GU'], 775.64
2024-10-09 12:10:25,740 - INFO     ->  16 -  1  -  1   - Successfully downloaded PDF and KML of the land '16102A502000230000QX' with coordinates '39°52'25.2"N 1°28'20.2"W' and data: {'localizacion': 'Polígono 502 Parcela 23\nALIAGARES. HENAREJOS (CUENCA)', 'municipio': 'CUENCA', 'clase': 'Rústico', 'uso': 'Agrario', 'cultivo': 'E- Pastos'}.
2024-10-09 12:10:45,687 - INFO     ->  16 -  1  -  1   - Land '16102A502000230000QX' is in 'CUENCA' province. More precisely is on 'GARABALLA' locality with C.P. 16312
2024-10-09 12:10:58,248 - INFO     ->  16 -  1  -  1   - Screenshot of the land '16102A502000230000QX' has been taken successfully.
2024-10-09 12:11:18,324 - WARNING  ->  16 -  1  -  1   - The land '16102A502000230000QX' is 'Rústico' but doesn't has a report.
2024-10-09 12:11:18,324 - INFO     ->  16 -  1  -  1   - The land '16102A502000230000QX' has the next value 2957.18. 
2024-10-09 12:11:21,306 - ERROR    ->  16 -  1  -  1   - Failed to get population data from land '16102A502000230000QX' with locality 'GARABALLA'
Traceback (most recent call last):
  File "/home/miguel/coding-projects/ScrapingFincasHacienda/scrapingFincasHacienda/INE/ine_population.py", line 71, in get_data
    data = self.__get_population()
           ^^^^^^^^^^^^^^^^^^^^^^^
  File "/home/miguel/coding-projects/ScrapingFincasHacienda/scrapingFincasHacienda/INE/ine_population.py", line 137, in __get_population
    "population_now": population_now,
                      ^^^^^^^^^^^^^^
UnboundLocalError: cannot access local variable 'population_now' where it is not associated with a value
2024-10-09 12:19:42,935 - ERROR    ->  16 -  1  -  1   - Failed to get population data from land '16102A502000230000QX' with locality 'GARABALLA'
Traceback (most recent call last):
  File "/home/miguel/coding-projects/ScrapingFincasHacienda/scrapingFincasHacienda/INE/ine_population.py", line 71, in get_data
    data = self.__get_population()
           ^^^^^^^^^^^^^^^^^^^^^^^
  File "/home/miguel/coding-projects/ScrapingFincasHacienda/scrapingFincasHacienda/INE/ine_population.py", line 137, in __get_population
    "population_now": population_now,
                      ^^^^^^^^^^^^^^
UnboundLocalError: cannot access local variable 'population_now' where it is not associated with a value
2024-10-09 12:23:29,619 - INFO     ->  16 -  .  -  .   - Auction retrieved: https://www.hacienda.gob.es/es-ES/Areas%20Tematicas/Patrimonio%20del%20Estado/Gestion%20Patrimonial%20del%20Estado/Paginas/Subastas/DEH-CUENCA-Subasta-publica.aspx
2024-10-09 12:23:31,925 - INFO     ->  16 -  .  -  .   - List of lands: https://www.hacienda.gob.es/DGPatrimonio/Gestión%20Patrimonial/subastas/DEH_CUENCA/Pliego%20de%20condiciones.pdf
2024-10-09 12:23:34,161 - INFO     ->  16 -  1  -  .   - ['16102A502000230000QX'], 3025.0
2024-10-09 12:23:34,161 - INFO     ->  16 -  2  -  .   - ['16102A502000490000QK'], 8500.0
2024-10-09 12:23:34,161 - INFO     ->  16 -  3  -  .   - ['16102A502000960000QU'], 710.98
2024-10-09 12:23:34,161 - INFO     ->  16 -  4  -  .   - ['16102A503000010000QI'], 3350.0
2024-10-09 12:23:34,161 - INFO     ->  16 -  5  -  .   - ['16102A503000190000QT'], 750.0
2024-10-09 12:23:34,161 - INFO     ->  16 -  6  -  .   - ['16102A503000230000QF'], 2450.0
2024-10-09 12:23:34,161 - INFO     ->  16 -  7  -  .   - ['16102A503000320000QX'], 6651.12
2024-10-09 12:23:34,161 - INFO     ->  16 -  8  -  .   - ['16102A504000230000QY'], 1850.0
2024-10-09 12:23:34,161 - INFO     ->  16 -  9  -  .   - ['16102A505000060000QF'], 5300.0
2024-10-09 12:23:34,161 - INFO     ->  16 -  10 -  .   - ['16102A506000280000QS'], 550.0
2024-10-09 12:23:34,161 - INFO     ->  16 -  11 -  .   - ['16102A506000330000QU'], 2100.0
2024-10-09 12:23:34,161 - INFO     ->  16 -  12 -  .   - ['16102A506000510000QM'], 17500.0
2024-10-09 12:23:34,161 - INFO     ->  16 -  13 -  .   - ['16102A507001060000QW'], 380.0
2024-10-09 12:23:34,161 - INFO     ->  16 -  14 -  .   - ['16102A508000290000QT'], 210.0
2024-10-09 12:23:34,161 - INFO     ->  16 -  15 -  .   - ['16102A508000330000QF'], 240.0
2024-10-09 12:23:34,161 - INFO     ->  16 -  16 -  .   - ['16102A508000380000QD'], 209.51
2024-10-09 12:23:34,161 - INFO     ->  16 -  17 -  .   - ['16102A508000490000QH'], 300.0
2024-10-09 12:23:34,161 - INFO     ->  16 -  18 -  .   - ['16102A509000010000QY'], 560.0
2024-10-09 12:23:34,161 - INFO     ->  16 -  19 -  .   - ['16102A510000010000QX'], 4512.8
2024-10-09 12:23:34,161 - INFO     ->  16 -  20 -  .   - ['16102A512000580000QH'], 750.0
2024-10-09 12:23:34,161 - INFO     ->  16 -  21 -  .   - ['16102A512000620000QW'], 200.0
2024-10-09 12:23:34,161 - INFO     ->  16 -  22 -  .   - ['16102A515000470000QS'], 775.0
2024-10-09 12:23:34,161 - INFO     ->  16 -  23 -  .   - ['16233A501000170000OE'], 300.0
2024-10-09 12:23:34,161 - INFO     ->  16 -  24 -  .   - ['16233A501000630000OY'], 10283.18
2024-10-09 12:23:34,161 - INFO     ->  16 -  25 -  .   - ['16233A501000700000OL'], 5834.87
2024-10-09 12:23:34,162 - INFO     ->  16 -  26 -  .   - ['16233A503000150000OG'], 300.0
2024-10-09 12:23:34,162 - INFO     ->  16 -  27 -  .   - ['16233A503000200000OP'], 900.0
2024-10-09 12:23:34,162 - INFO     ->  16 -  28 -  .   - ['16233A503000340000OJ'], 4150.0
2024-10-09 12:23:34,162 - INFO     ->  16 -  29 -  .   - ['16233A506000020000OH'], 6000.0
2024-10-09 12:23:34,162 - INFO     ->  16 -  30 -  .   - ['16233A506000040000OA'], 1050.0
2024-10-09 12:23:34,162 - INFO     ->  16 -  31 -  .   - ['16233A506000060000OY'], 3700.0
2024-10-09 12:23:34,162 - INFO     ->  16 -  32 -  .   - ['16233A506000090000OP'], 400.0
2024-10-09 12:23:34,162 - INFO     ->  16 -  33 -  .   - ['16233A506010010000OS'], 2830.0
2024-10-09 12:23:34,162 - INFO     ->  16 -  34 -  .   - ['16233A506010020000OZ'], 300.0
2024-10-09 12:23:34,162 - INFO     ->  16 -  35 -  .   - ['16233A508000220000OA'], 1383.67
2024-10-09 12:23:34,162 - INFO     ->  16 -  36 -  .   - ['16233A551000250000OZ'], 3650.0
2024-10-09 12:23:34,162 - INFO     ->  16 -  37 -  .   - ['16123A501000250000GW'], 1083.75
2024-10-09 12:23:34,162 - INFO     ->  16 -  38 -  .   - ['16123A511001620000GF'], 1117.75
2024-10-09 12:23:34,162 - INFO     ->  16 -  39 -  .   - ['16123A511000310000GL'], 450.5
2024-10-09 12:23:34,162 - INFO     ->  16 -  40 -  .   - ['16256A510000560000IF'], 2125.0
2024-10-09 12:23:34,162 - INFO     ->  16 -  41 -  .   - ['16256A510000680000IE'], 416.5
2024-10-09 12:23:34,162 - INFO     ->  16 -  42 -  .   - ['16256A513000510000IF'], 892.5
2024-10-09 12:23:34,162 - INFO     ->  16 -  43 -  .   - ['16256A513000520000IM'], 255.0
2024-10-09 12:23:34,162 - INFO     ->  16 -  44 -  .   - ['16256A515000990000IM'], 1275.0
2024-10-09 12:23:34,162 - INFO     ->  16 -  45 -  .   - ['16256A516000450000IO'], 977.5
2024-10-09 12:23:34,162 - INFO     ->  16 -  46 -  .   - ['16256A525000400000II'], 743.75
2024-10-09 12:23:34,162 - INFO     ->  16 -  47 -  .   - ['16233A507000260000OO'], 6375.0
2024-10-09 12:23:34,162 - INFO     ->  16 -  48 -  .   - ['16233A507000300000OK'], 255.0
2024-10-09 12:23:34,162 - INFO     ->  16 -  49 -  .   - ['16256A511000300000IP'], 6502.5
2024-10-09 12:23:34,162 - INFO     ->  16 -  50 -  .   - ['16256A512000650000IY'], 1986.88
2024-10-09 12:23:34,162 - INFO     ->  16 -  51 -  .   - ['16256A516000490000IX'], 1408.88
2024-10-09 12:23:34,162 - INFO     ->  16 -  52 -  .   - ['16256A521000660000ID'], 1192.13
2024-10-09 12:23:34,162 - INFO     ->  16 -  53 -  .   - ['16123A509001370000GM'], 484.08
2024-10-09 12:23:34,162 - WARNING  ->  16 -  54 -  .   - Failed to process the lote 54
2024-10-09 12:23:34,162 - WARNING  ->  16 -  55 -  .   - Failed to process the lote 55
2024-10-09 12:23:34,162 - INFO     ->  16 -  56 -  .   - ['16123A524000410000GW'], 552.71
2024-10-09 12:23:34,162 - INFO     ->  16 -  57 -  .   - ['16123A520001480000GO'], 399.19
2024-10-09 12:23:34,162 - INFO     ->  16 -  58 -  .   - ['16123A508001510000GA', '16123A511010180000GU'], 775.64
2024-10-09 12:23:53,998 - INFO     ->  16 -  1  -  1   - Successfully downloaded PDF and KML of the land '16102A502000230000QX' with coordinates '39°52'25.2"N 1°28'20.2"W' and data: {'localizacion': 'Polígono 502 Parcela 23\nALIAGARES. HENAREJOS (CUENCA)', 'municipio': 'CUENCA', 'clase': 'Rústico', 'uso': 'Agrario', 'cultivo': 'E- Pastos'}.
2024-10-09 12:24:13,889 - INFO     ->  16 -  1  -  1   - Land '16102A502000230000QX' is in 'CUENCA' province. More precisely is on 'GARABALLA' locality with C.P. 16312
2024-10-09 12:24:27,125 - INFO     ->  16 -  1  -  1   - Screenshot of the land '16102A502000230000QX' has been taken successfully.
2024-10-09 12:24:35,547 - WARNING  ->  16 -  1  -  1   - The land '16102A502000230000QX' is 'Rústico' but doesn't has a report.
2024-10-09 12:24:35,547 - INFO     ->  16 -  1  -  1   - The land '16102A502000230000QX' has the next value 2957.18. 
2024-10-09 12:28:29,862 - ERROR    ->  16 -  1  -  1   - Failed to get population data from land '16102A502000230000QX' with locality 'GARABALLA'
Traceback (most recent call last):
  File "/home/miguel/coding-projects/ScrapingFincasHacienda/scrapingFincasHacienda/INE/ine_population.py", line 71, in get_data
    data = self.__get_population()
           ^^^^^^^^^^^^^^^^^^^^^^^
  File "/home/miguel/coding-projects/ScrapingFincasHacienda/scrapingFincasHacienda/INE/ine_population.py", line 137, in __get_population
    "population_now": population_now if population_now else None,
                                        ^^^^^^^^^^^^^^
UnboundLocalError: cannot access local variable 'population_now' where it is not associated with a value
2024-10-09 12:30:14,493 - INFO     ->  16 -  1  -  1   - Population info about land '16102A502000230000QX' has been extracted successfully: Now -> None /// Five years ago -> None
2024-10-09 12:32:52,475 - INFO     ->  16 -  1  -  1   - Number of transactions of 'Fincas Rusticas' where land '16102A502000230000QX' is located: Now -> 3724 /// Seven years ago -> 3339
2024-10-09 12:36:11,368 - INFO     ->  16 -  1  -  1   - Enterprises near land '16102A502000230000QX' located on C.P. 16312 have been extracted successfully: ['MONTERO Y GARCIA BROILERS SL.']
2024-10-09 12:55:00,025 - INFO     ->  16 -  1  -  1   - Enterprises near land '16102A502000230000QX' located on C.P. 16312 have been extracted successfully: ['MONTERO Y GARCIA BROILERS SL.']
2024-10-09 12:58:37,614 - INFO     ->  16 -  1  -  1   - Enterprises near land '16102A502000230000QX' located on C.P. 16312 have been extracted successfully: ['MONTERO Y GARCIA BROILERS SL.']
2024-10-09 13:06:57,403 - INFO     ->  16 -  1  -  1   - Car and foot distance and time from '16102A502000230000QX' - 'MONTERO Y GARCIA BROILERS,SL' has been extracted successfully.
2024-10-09 13:07:54,218 - INFO     ->  16 -  1  -  1   - Car and foot distance and time from '16102A502000230000QX' - 'MONTERO Y GARCIA BROILERS,SL' has been extracted successfully.
2024-10-09 21:19:15,584 - INFO     ->  16 -  1  -  1   - Successfully downloaded PDF and KML of the land '16102A502000230000QX' with coordinates '39°52'25.2"N 1°28'20.2"W' and data: {'localizacion': 'Polígono 502 Parcela 23\nALIAGARES. HENAREJOS (CUENCA)', 'municipio': 'CUENCA', 'clase': 'Rústico', 'uso': 'Agrario', 'cultivo': 'E- Pastos'}.
2024-10-09 21:30:32,406 - INFO     ->  16 -  .  -  .   - Auction retrieved: https://www.hacienda.gob.es/es-ES/Areas%20Tematicas/Patrimonio%20del%20Estado/Gestion%20Patrimonial%20del%20Estado/Paginas/Subastas/DEH-CUENCA-Subasta-publica.aspx
2024-10-09 21:30:35,092 - INFO     ->  16 -  .  -  .   - List of lands: https://www.hacienda.gob.es/DGPatrimonio/Gestión%20Patrimonial/subastas/DEH_CUENCA/Pliego%20de%20condiciones.pdf
2024-10-09 21:30:37,612 - INFO     ->  16 -  1  -  .   - ['16102A502000230000QX'], 3025.0
2024-10-09 21:30:37,612 - INFO     ->  16 -  2  -  .   - ['16102A502000490000QK'], 8500.0
2024-10-09 21:30:37,612 - INFO     ->  16 -  3  -  .   - ['16102A502000960000QU'], 710.98
2024-10-09 21:30:37,612 - INFO     ->  16 -  4  -  .   - ['16102A503000010000QI'], 3350.0
2024-10-09 21:30:37,612 - INFO     ->  16 -  5  -  .   - ['16102A503000190000QT'], 750.0
2024-10-09 21:30:37,613 - INFO     ->  16 -  6  -  .   - ['16102A503000230000QF'], 2450.0
2024-10-09 21:30:37,613 - INFO     ->  16 -  7  -  .   - ['16102A503000320000QX'], 6651.12
2024-10-09 21:30:37,613 - INFO     ->  16 -  8  -  .   - ['16102A504000230000QY'], 1850.0
2024-10-09 21:30:37,613 - INFO     ->  16 -  9  -  .   - ['16102A505000060000QF'], 5300.0
2024-10-09 21:30:37,613 - INFO     ->  16 -  10 -  .   - ['16102A506000280000QS'], 550.0
2024-10-09 21:30:37,613 - INFO     ->  16 -  11 -  .   - ['16102A506000330000QU'], 2100.0
2024-10-09 21:30:37,613 - INFO     ->  16 -  12 -  .   - ['16102A506000510000QM'], 17500.0
2024-10-09 21:30:37,613 - INFO     ->  16 -  13 -  .   - ['16102A507001060000QW'], 380.0
2024-10-09 21:30:37,613 - INFO     ->  16 -  14 -  .   - ['16102A508000290000QT'], 210.0
2024-10-09 21:30:37,613 - INFO     ->  16 -  15 -  .   - ['16102A508000330000QF'], 240.0
2024-10-09 21:30:37,613 - INFO     ->  16 -  16 -  .   - ['16102A508000380000QD'], 209.51
2024-10-09 21:30:37,613 - INFO     ->  16 -  17 -  .   - ['16102A508000490000QH'], 300.0
2024-10-09 21:30:37,613 - INFO     ->  16 -  18 -  .   - ['16102A509000010000QY'], 560.0
2024-10-09 21:30:37,613 - INFO     ->  16 -  19 -  .   - ['16102A510000010000QX'], 4512.8
2024-10-09 21:30:37,613 - INFO     ->  16 -  20 -  .   - ['16102A512000580000QH'], 750.0
2024-10-09 21:30:37,613 - INFO     ->  16 -  21 -  .   - ['16102A512000620000QW'], 200.0
2024-10-09 21:30:37,613 - INFO     ->  16 -  22 -  .   - ['16102A515000470000QS'], 775.0
2024-10-09 21:30:37,613 - INFO     ->  16 -  23 -  .   - ['16233A501000170000OE'], 300.0
2024-10-09 21:30:37,613 - INFO     ->  16 -  24 -  .   - ['16233A501000630000OY'], 10283.18
2024-10-09 21:30:37,613 - INFO     ->  16 -  25 -  .   - ['16233A501000700000OL'], 5834.87
2024-10-09 21:30:37,614 - INFO     ->  16 -  26 -  .   - ['16233A503000150000OG'], 300.0
2024-10-09 21:30:37,614 - INFO     ->  16 -  27 -  .   - ['16233A503000200000OP'], 900.0
2024-10-09 21:30:37,614 - INFO     ->  16 -  28 -  .   - ['16233A503000340000OJ'], 4150.0
2024-10-09 21:30:37,614 - INFO     ->  16 -  29 -  .   - ['16233A506000020000OH'], 6000.0
2024-10-09 21:30:37,614 - INFO     ->  16 -  30 -  .   - ['16233A506000040000OA'], 1050.0
2024-10-09 21:30:37,614 - INFO     ->  16 -  31 -  .   - ['16233A506000060000OY'], 3700.0
2024-10-09 21:30:37,614 - INFO     ->  16 -  32 -  .   - ['16233A506000090000OP'], 400.0
2024-10-09 21:30:37,614 - INFO     ->  16 -  33 -  .   - ['16233A506010010000OS'], 2830.0
2024-10-09 21:30:37,614 - INFO     ->  16 -  34 -  .   - ['16233A506010020000OZ'], 300.0
2024-10-09 21:30:37,614 - INFO     ->  16 -  35 -  .   - ['16233A508000220000OA'], 1383.67
2024-10-09 21:30:37,614 - INFO     ->  16 -  36 -  .   - ['16233A551000250000OZ'], 3650.0
2024-10-09 21:30:37,614 - INFO     ->  16 -  37 -  .   - ['16123A501000250000GW'], 1083.75
2024-10-09 21:30:37,614 - INFO     ->  16 -  38 -  .   - ['16123A511001620000GF'], 1117.75
2024-10-09 21:30:37,614 - INFO     ->  16 -  39 -  .   - ['16123A511000310000GL'], 450.5
2024-10-09 21:30:37,614 - INFO     ->  16 -  40 -  .   - ['16256A510000560000IF'], 2125.0
2024-10-09 21:30:37,614 - INFO     ->  16 -  41 -  .   - ['16256A510000680000IE'], 416.5
2024-10-09 21:30:37,614 - INFO     ->  16 -  42 -  .   - ['16256A513000510000IF'], 892.5
2024-10-09 21:30:37,614 - INFO     ->  16 -  43 -  .   - ['16256A513000520000IM'], 255.0
2024-10-09 21:30:37,614 - INFO     ->  16 -  44 -  .   - ['16256A515000990000IM'], 1275.0
2024-10-09 21:30:37,614 - INFO     ->  16 -  45 -  .   - ['16256A516000450000IO'], 977.5
2024-10-09 21:30:37,614 - INFO     ->  16 -  46 -  .   - ['16256A525000400000II'], 743.75
2024-10-09 21:30:37,614 - INFO     ->  16 -  47 -  .   - ['16233A507000260000OO'], 6375.0
2024-10-09 21:30:37,614 - INFO     ->  16 -  48 -  .   - ['16233A507000300000OK'], 255.0
2024-10-09 21:30:37,614 - INFO     ->  16 -  49 -  .   - ['16256A511000300000IP'], 6502.5
2024-10-09 21:30:37,614 - INFO     ->  16 -  50 -  .   - ['16256A512000650000IY'], 1986.88
2024-10-09 21:30:37,615 - INFO     ->  16 -  51 -  .   - ['16256A516000490000IX'], 1408.88
2024-10-09 21:30:37,615 - INFO     ->  16 -  52 -  .   - ['16256A521000660000ID'], 1192.13
2024-10-09 21:30:37,615 - INFO     ->  16 -  53 -  .   - ['16123A509001370000GM'], 484.08
2024-10-09 21:30:37,615 - WARNING  ->  16 -  54 -  .   - Failed to process the lote 54
2024-10-09 21:30:37,615 - WARNING  ->  16 -  55 -  .   - Failed to process the lote 55
2024-10-09 21:30:37,615 - INFO     ->  16 -  56 -  .   - ['16123A524000410000GW'], 552.71
2024-10-09 21:30:37,615 - INFO     ->  16 -  57 -  .   - ['16123A520001480000GO'], 399.19
2024-10-09 21:30:37,615 - INFO     ->  16 -  58 -  .   - ['16123A508001510000GA', '16123A511010180000GU'], 775.64
2024-10-09 21:30:58,231 - INFO     ->  16 -  1  -  1   - Successfully downloaded PDF and KML of the land '16102A502000230000QX' with coordinates '39°52'25.2"N 1°28'20.2"W' and data: {'localizacion': 'Polígono 502 Parcela 23\nALIAGARES. HENAREJOS (CUENCA)', 'provincia': 'CUENCA', 'municipio': 'HENAREJOS ', 'clase': 'Rústico', 'uso': 'Agrario', 'cultivo': 'E- Pastos'}.
2024-10-09 21:31:18,205 - INFO     ->  16 -  1  -  1   - Land '16102A502000230000QX' is in 'CUENCA' province. More precisely is on 'GARABALLA' locality with C.P. 16312
2024-10-09 21:31:30,490 - INFO     ->  16 -  1  -  1   - Screenshot of the land '16102A502000230000QX' has been taken successfully.
2024-10-09 21:31:50,166 - WARNING  ->  16 -  1  -  1   - The land '16102A502000230000QX' is 'Rústico' but doesn't has a report.
2024-10-09 21:31:50,167 - INFO     ->  16 -  1  -  1   - The land '16102A502000230000QX' has the next value 2957.18. 
2024-10-09 21:31:52,826 - INFO     ->  16 -  1  -  1   - Population info about land '16102A502000230000QX' has been extracted successfully: Now -> None /// Five years ago -> None
2024-10-09 21:31:57,715 - INFO     ->  16 -  1  -  1   - Number of transactions of 'Fincas Rusticas' where land '16102A502000230000QX' is located: Now -> 3724 /// Seven years ago -> 3339
2024-10-09 21:32:29,118 - INFO     ->  16 -  1  -  1   - Enterprises near land '16102A502000230000QX' located on C.P. 16312 have been extracted successfully: ['MONTERO Y GARCIA BROILERS SL.']
2024-10-09 21:34:39,918 - INFO     ->  16 -  .  -  .   - Auction retrieved: https://www.hacienda.gob.es/es-ES/Areas%20Tematicas/Patrimonio%20del%20Estado/Gestion%20Patrimonial%20del%20Estado/Paginas/Subastas/DEH-CUENCA-Subasta-publica.aspx
2024-10-09 21:34:42,350 - INFO     ->  16 -  .  -  .   - List of lands: https://www.hacienda.gob.es/DGPatrimonio/Gestión%20Patrimonial/subastas/DEH_CUENCA/Pliego%20de%20condiciones.pdf
2024-10-09 21:34:44,627 - INFO     ->  16 -  1  -  .   - ['16102A502000230000QX'], 3025.0
2024-10-09 21:34:44,627 - INFO     ->  16 -  2  -  .   - ['16102A502000490000QK'], 8500.0
2024-10-09 21:34:44,627 - INFO     ->  16 -  3  -  .   - ['16102A502000960000QU'], 710.98
2024-10-09 21:34:44,627 - INFO     ->  16 -  4  -  .   - ['16102A503000010000QI'], 3350.0
2024-10-09 21:34:44,627 - INFO     ->  16 -  5  -  .   - ['16102A503000190000QT'], 750.0
2024-10-09 21:34:44,627 - INFO     ->  16 -  6  -  .   - ['16102A503000230000QF'], 2450.0
2024-10-09 21:34:44,627 - INFO     ->  16 -  7  -  .   - ['16102A503000320000QX'], 6651.12
2024-10-09 21:34:44,627 - INFO     ->  16 -  8  -  .   - ['16102A504000230000QY'], 1850.0
2024-10-09 21:34:44,627 - INFO     ->  16 -  9  -  .   - ['16102A505000060000QF'], 5300.0
2024-10-09 21:34:44,627 - INFO     ->  16 -  10 -  .   - ['16102A506000280000QS'], 550.0
2024-10-09 21:34:44,627 - INFO     ->  16 -  11 -  .   - ['16102A506000330000QU'], 2100.0
2024-10-09 21:34:44,627 - INFO     ->  16 -  12 -  .   - ['16102A506000510000QM'], 17500.0
2024-10-09 21:34:44,627 - INFO     ->  16 -  13 -  .   - ['16102A507001060000QW'], 380.0
2024-10-09 21:34:44,627 - INFO     ->  16 -  14 -  .   - ['16102A508000290000QT'], 210.0
2024-10-09 21:34:44,627 - INFO     ->  16 -  15 -  .   - ['16102A508000330000QF'], 240.0
2024-10-09 21:34:44,627 - INFO     ->  16 -  16 -  .   - ['16102A508000380000QD'], 209.51
2024-10-09 21:34:44,627 - INFO     ->  16 -  17 -  .   - ['16102A508000490000QH'], 300.0
2024-10-09 21:34:44,627 - INFO     ->  16 -  18 -  .   - ['16102A509000010000QY'], 560.0
2024-10-09 21:34:44,627 - INFO     ->  16 -  19 -  .   - ['16102A510000010000QX'], 4512.8
2024-10-09 21:34:44,627 - INFO     ->  16 -  20 -  .   - ['16102A512000580000QH'], 750.0
2024-10-09 21:34:44,627 - INFO     ->  16 -  21 -  .   - ['16102A512000620000QW'], 200.0
2024-10-09 21:34:44,627 - INFO     ->  16 -  22 -  .   - ['16102A515000470000QS'], 775.0
2024-10-09 21:34:44,627 - INFO     ->  16 -  23 -  .   - ['16233A501000170000OE'], 300.0
2024-10-09 21:34:44,627 - INFO     ->  16 -  24 -  .   - ['16233A501000630000OY'], 10283.18
2024-10-09 21:34:44,627 - INFO     ->  16 -  25 -  .   - ['16233A501000700000OL'], 5834.87
2024-10-09 21:34:44,627 - INFO     ->  16 -  26 -  .   - ['16233A503000150000OG'], 300.0
2024-10-09 21:34:44,627 - INFO     ->  16 -  27 -  .   - ['16233A503000200000OP'], 900.0
2024-10-09 21:34:44,627 - INFO     ->  16 -  28 -  .   - ['16233A503000340000OJ'], 4150.0
2024-10-09 21:34:44,628 - INFO     ->  16 -  29 -  .   - ['16233A506000020000OH'], 6000.0
2024-10-09 21:34:44,628 - INFO     ->  16 -  30 -  .   - ['16233A506000040000OA'], 1050.0
2024-10-09 21:34:44,628 - INFO     ->  16 -  31 -  .   - ['16233A506000060000OY'], 3700.0
2024-10-09 21:34:44,628 - INFO     ->  16 -  32 -  .   - ['16233A506000090000OP'], 400.0
2024-10-09 21:34:44,628 - INFO     ->  16 -  33 -  .   - ['16233A506010010000OS'], 2830.0
2024-10-09 21:34:44,628 - INFO     ->  16 -  34 -  .   - ['16233A506010020000OZ'], 300.0
2024-10-09 21:34:44,628 - INFO     ->  16 -  35 -  .   - ['16233A508000220000OA'], 1383.67
2024-10-09 21:34:44,628 - INFO     ->  16 -  36 -  .   - ['16233A551000250000OZ'], 3650.0
2024-10-09 21:34:44,628 - INFO     ->  16 -  37 -  .   - ['16123A501000250000GW'], 1083.75
2024-10-09 21:34:44,628 - INFO     ->  16 -  38 -  .   - ['16123A511001620000GF'], 1117.75
2024-10-09 21:34:44,628 - INFO     ->  16 -  39 -  .   - ['16123A511000310000GL'], 450.5
2024-10-09 21:34:44,628 - INFO     ->  16 -  40 -  .   - ['16256A510000560000IF'], 2125.0
2024-10-09 21:34:44,628 - INFO     ->  16 -  41 -  .   - ['16256A510000680000IE'], 416.5
2024-10-09 21:34:44,628 - INFO     ->  16 -  42 -  .   - ['16256A513000510000IF'], 892.5
2024-10-09 21:34:44,628 - INFO     ->  16 -  43 -  .   - ['16256A513000520000IM'], 255.0
2024-10-09 21:34:44,628 - INFO     ->  16 -  44 -  .   - ['16256A515000990000IM'], 1275.0
2024-10-09 21:34:44,628 - INFO     ->  16 -  45 -  .   - ['16256A516000450000IO'], 977.5
2024-10-09 21:34:44,628 - INFO     ->  16 -  46 -  .   - ['16256A525000400000II'], 743.75
2024-10-09 21:34:44,628 - INFO     ->  16 -  47 -  .   - ['16233A507000260000OO'], 6375.0
2024-10-09 21:34:44,628 - INFO     ->  16 -  48 -  .   - ['16233A507000300000OK'], 255.0
2024-10-09 21:34:44,628 - INFO     ->  16 -  49 -  .   - ['16256A511000300000IP'], 6502.5
2024-10-09 21:34:44,628 - INFO     ->  16 -  50 -  .   - ['16256A512000650000IY'], 1986.88
2024-10-09 21:34:44,628 - INFO     ->  16 -  51 -  .   - ['16256A516000490000IX'], 1408.88
2024-10-09 21:34:44,628 - INFO     ->  16 -  52 -  .   - ['16256A521000660000ID'], 1192.13
2024-10-09 21:34:44,628 - INFO     ->  16 -  53 -  .   - ['16123A509001370000GM'], 484.08
2024-10-09 21:34:44,628 - WARNING  ->  16 -  54 -  .   - Failed to process the lote 54
2024-10-09 21:34:44,628 - WARNING  ->  16 -  55 -  .   - Failed to process the lote 55
2024-10-09 21:34:44,628 - INFO     ->  16 -  56 -  .   - ['16123A524000410000GW'], 552.71
2024-10-09 21:34:44,628 - INFO     ->  16 -  57 -  .   - ['16123A520001480000GO'], 399.19
2024-10-09 21:34:44,628 - INFO     ->  16 -  58 -  .   - ['16123A508001510000GA', '16123A511010180000GU'], 775.64
2024-10-09 21:35:03,729 - INFO     ->  16 -  1  -  1   - Successfully downloaded PDF and KML of the land '16102A502000230000QX' with coordinates '39°52'25.2"N 1°28'20.2"W' and data: {'localizacion': 'Polígono 502 Parcela 23\nALIAGARES. HENAREJOS (CUENCA)', 'provincia': 'CUENCA', 'municipio': 'HENAREJOS ', 'clase': 'Rústico', 'uso': 'Agrario', 'cultivo': 'E- Pastos'}.
2024-10-09 21:35:23,596 - INFO     ->  16 -  1  -  1   - Land '16102A502000230000QX' is in 'CUENCA' province. More precisely is on 'GARABALLA' locality with C.P. 16312
2024-10-09 21:35:36,672 - INFO     ->  16 -  1  -  1   - Screenshot of the land '16102A502000230000QX' has been taken successfully.
2024-10-09 21:35:57,081 - WARNING  ->  16 -  1  -  1   - The land '16102A502000230000QX' is 'Rústico' but doesn't has a report.
2024-10-09 21:35:57,081 - INFO     ->  16 -  1  -  1   - The land '16102A502000230000QX' has the next value 2957.18. 
2024-10-09 21:35:59,791 - INFO     ->  16 -  1  -  1   - Population info about land '16102A502000230000QX' has been extracted successfully: Now -> None /// Five years ago -> None
2024-10-09 21:36:04,484 - INFO     ->  16 -  1  -  1   - Number of transactions of 'Fincas Rusticas' where land '16102A502000230000QX' is located: Now -> 3724 /// Seven years ago -> 3339
2024-10-09 21:36:29,218 - INFO     ->  16 -  1  -  1   - Enterprises near land '16102A502000230000QX' located on C.P. 16312 have been extracted successfully: ['MONTERO Y GARCIA BROILERS SL.']
2024-10-09 21:36:43,770 - INFO     ->  16 -  1  -  1   - Car and foot distance and time from '16102A502000230000QX' - 'MONTERO Y GARCIA BROILERS SL.' has been extracted successfully.
2024-10-09 21:38:32,457 - INFO     ->  16 -  .  -  .   - Auction retrieved: https://www.hacienda.gob.es/es-ES/Areas%20Tematicas/Patrimonio%20del%20Estado/Gestion%20Patrimonial%20del%20Estado/Paginas/Subastas/DEH-CUENCA-Subasta-publica.aspx
2024-10-09 21:38:34,597 - INFO     ->  16 -  .  -  .   - List of lands: https://www.hacienda.gob.es/DGPatrimonio/Gestión%20Patrimonial/subastas/DEH_CUENCA/Pliego%20de%20condiciones.pdf
2024-10-09 21:38:36,824 - INFO     ->  16 -  1  -  .   - ['16102A502000230000QX'], 3025.0
2024-10-09 21:38:36,824 - INFO     ->  16 -  2  -  .   - ['16102A502000490000QK'], 8500.0
2024-10-09 21:38:36,824 - INFO     ->  16 -  3  -  .   - ['16102A502000960000QU'], 710.98
2024-10-09 21:38:36,824 - INFO     ->  16 -  4  -  .   - ['16102A503000010000QI'], 3350.0
2024-10-09 21:38:36,824 - INFO     ->  16 -  5  -  .   - ['16102A503000190000QT'], 750.0
2024-10-09 21:38:36,824 - INFO     ->  16 -  6  -  .   - ['16102A503000230000QF'], 2450.0
2024-10-09 21:38:36,824 - INFO     ->  16 -  7  -  .   - ['16102A503000320000QX'], 6651.12
2024-10-09 21:38:36,824 - INFO     ->  16 -  8  -  .   - ['16102A504000230000QY'], 1850.0
2024-10-09 21:38:36,824 - INFO     ->  16 -  9  -  .   - ['16102A505000060000QF'], 5300.0
2024-10-09 21:38:36,824 - INFO     ->  16 -  10 -  .   - ['16102A506000280000QS'], 550.0
2024-10-09 21:38:36,824 - INFO     ->  16 -  11 -  .   - ['16102A506000330000QU'], 2100.0
2024-10-09 21:38:36,824 - INFO     ->  16 -  12 -  .   - ['16102A506000510000QM'], 17500.0
2024-10-09 21:38:36,824 - INFO     ->  16 -  13 -  .   - ['16102A507001060000QW'], 380.0
2024-10-09 21:38:36,824 - INFO     ->  16 -  14 -  .   - ['16102A508000290000QT'], 210.0
2024-10-09 21:38:36,824 - INFO     ->  16 -  15 -  .   - ['16102A508000330000QF'], 240.0
2024-10-09 21:38:36,824 - INFO     ->  16 -  16 -  .   - ['16102A508000380000QD'], 209.51
2024-10-09 21:38:36,825 - INFO     ->  16 -  17 -  .   - ['16102A508000490000QH'], 300.0
2024-10-09 21:38:36,825 - INFO     ->  16 -  18 -  .   - ['16102A509000010000QY'], 560.0
2024-10-09 21:38:36,825 - INFO     ->  16 -  19 -  .   - ['16102A510000010000QX'], 4512.8
2024-10-09 21:38:36,825 - INFO     ->  16 -  20 -  .   - ['16102A512000580000QH'], 750.0
2024-10-09 21:38:36,825 - INFO     ->  16 -  21 -  .   - ['16102A512000620000QW'], 200.0
2024-10-09 21:38:36,825 - INFO     ->  16 -  22 -  .   - ['16102A515000470000QS'], 775.0
2024-10-09 21:38:36,825 - INFO     ->  16 -  23 -  .   - ['16233A501000170000OE'], 300.0
2024-10-09 21:38:36,825 - INFO     ->  16 -  24 -  .   - ['16233A501000630000OY'], 10283.18
2024-10-09 21:38:36,825 - INFO     ->  16 -  25 -  .   - ['16233A501000700000OL'], 5834.87
2024-10-09 21:38:36,825 - INFO     ->  16 -  26 -  .   - ['16233A503000150000OG'], 300.0
2024-10-09 21:38:36,825 - INFO     ->  16 -  27 -  .   - ['16233A503000200000OP'], 900.0
2024-10-09 21:38:36,825 - INFO     ->  16 -  28 -  .   - ['16233A503000340000OJ'], 4150.0
2024-10-09 21:38:36,825 - INFO     ->  16 -  29 -  .   - ['16233A506000020000OH'], 6000.0
2024-10-09 21:38:36,825 - INFO     ->  16 -  30 -  .   - ['16233A506000040000OA'], 1050.0
2024-10-09 21:38:36,825 - INFO     ->  16 -  31 -  .   - ['16233A506000060000OY'], 3700.0
2024-10-09 21:38:36,825 - INFO     ->  16 -  32 -  .   - ['16233A506000090000OP'], 400.0
2024-10-09 21:38:36,825 - INFO     ->  16 -  33 -  .   - ['16233A506010010000OS'], 2830.0
2024-10-09 21:38:36,825 - INFO     ->  16 -  34 -  .   - ['16233A506010020000OZ'], 300.0
2024-10-09 21:38:36,825 - INFO     ->  16 -  35 -  .   - ['16233A508000220000OA'], 1383.67
2024-10-09 21:38:36,825 - INFO     ->  16 -  36 -  .   - ['16233A551000250000OZ'], 3650.0
2024-10-09 21:38:36,825 - INFO     ->  16 -  37 -  .   - ['16123A501000250000GW'], 1083.75
2024-10-09 21:38:36,825 - INFO     ->  16 -  38 -  .   - ['16123A511001620000GF'], 1117.75
2024-10-09 21:38:36,825 - INFO     ->  16 -  39 -  .   - ['16123A511000310000GL'], 450.5
2024-10-09 21:38:36,825 - INFO     ->  16 -  40 -  .   - ['16256A510000560000IF'], 2125.0
2024-10-09 21:38:36,825 - INFO     ->  16 -  41 -  .   - ['16256A510000680000IE'], 416.5
2024-10-09 21:38:36,825 - INFO     ->  16 -  42 -  .   - ['16256A513000510000IF'], 892.5
2024-10-09 21:38:36,825 - INFO     ->  16 -  43 -  .   - ['16256A513000520000IM'], 255.0
2024-10-09 21:38:36,825 - INFO     ->  16 -  44 -  .   - ['16256A515000990000IM'], 1275.0
2024-10-09 21:38:36,825 - INFO     ->  16 -  45 -  .   - ['16256A516000450000IO'], 977.5
2024-10-09 21:38:36,825 - INFO     ->  16 -  46 -  .   - ['16256A525000400000II'], 743.75
2024-10-09 21:38:36,825 - INFO     ->  16 -  47 -  .   - ['16233A507000260000OO'], 6375.0
2024-10-09 21:38:36,825 - INFO     ->  16 -  48 -  .   - ['16233A507000300000OK'], 255.0
2024-10-09 21:38:36,825 - INFO     ->  16 -  49 -  .   - ['16256A511000300000IP'], 6502.5
2024-10-09 21:38:36,825 - INFO     ->  16 -  50 -  .   - ['16256A512000650000IY'], 1986.88
2024-10-09 21:38:36,825 - INFO     ->  16 -  51 -  .   - ['16256A516000490000IX'], 1408.88
2024-10-09 21:38:36,825 - INFO     ->  16 -  52 -  .   - ['16256A521000660000ID'], 1192.13
2024-10-09 21:38:36,825 - INFO     ->  16 -  53 -  .   - ['16123A509001370000GM'], 484.08
2024-10-09 21:38:36,825 - WARNING  ->  16 -  54 -  .   - Failed to process the lote 54
2024-10-09 21:38:36,825 - WARNING  ->  16 -  55 -  .   - Failed to process the lote 55
2024-10-09 21:38:36,825 - INFO     ->  16 -  56 -  .   - ['16123A524000410000GW'], 552.71
2024-10-09 21:38:36,825 - INFO     ->  16 -  57 -  .   - ['16123A520001480000GO'], 399.19
2024-10-09 21:38:36,825 - INFO     ->  16 -  58 -  .   - ['16123A508001510000GA', '16123A511010180000GU'], 775.64
2024-10-09 21:38:56,367 - INFO     ->  16 -  1  -  1   - Successfully downloaded PDF and KML of the land '16102A502000230000QX' with coordinates '39°52'25.2"N 1°28'20.2"W' and data: {'localizacion': 'Polígono 502 Parcela 23\nALIAGARES. HENAREJOS (CUENCA)', 'provincia': 'CUENCA', 'municipio': 'HENAREJOS ', 'clase': 'Rústico', 'uso': 'Agrario', 'cultivo': 'E- Pastos'}.
2024-10-09 21:39:19,382 - INFO     ->  16 -  1  -  1   - Land '16102A502000230000QX' is in 'CUENCA' province. More precisely is on 'GARABALLA' locality with C.P. 16312
2024-10-09 21:39:32,419 - INFO     ->  16 -  1  -  1   - Screenshot of the land '16102A502000230000QX' has been taken successfully.
2024-10-09 21:39:51,979 - WARNING  ->  16 -  1  -  1   - The land '16102A502000230000QX' is 'Rústico' but doesn't has a report.
2024-10-09 21:39:51,979 - INFO     ->  16 -  1  -  1   - The land '16102A502000230000QX' has the next value 2957.18. 
2024-10-09 21:39:54,653 - INFO     ->  16 -  1  -  1   - Population info about land '16102A502000230000QX' has been extracted successfully: Now -> None /// Five years ago -> None
2024-10-09 21:39:59,538 - INFO     ->  16 -  1  -  1   - Number of transactions of 'Fincas Rusticas' where land '16102A502000230000QX' is located: Now -> 3724 /// Seven years ago -> 3339
2024-10-09 21:40:28,038 - INFO     ->  16 -  1  -  1   - Enterprises near land '16102A502000230000QX' located on C.P. 16312 have been extracted successfully: ['MONTERO Y GARCIA BROILERS SL.']
2024-10-09 21:40:42,059 - INFO     ->  16 -  1  -  1   - Car and foot distance and time from '16102A502000230000QX' - 'MONTERO Y GARCIA BROILERS SL.' has been extracted successfully.
2024-10-09 21:45:24,884 - ERROR    ->  16 -  1  -  1   - Failed to get 'cp, province, locality'.
Traceback (most recent call last):
  File "/home/miguel/coding-projects/ScrapingFincasHacienda/env/lib/python3.12/site-packages/urllib3/connectionpool.py", line 793, in urlopen
    response = self._make_request(
               ^^^^^^^^^^^^^^^^^^^
  File "/home/miguel/coding-projects/ScrapingFincasHacienda/env/lib/python3.12/site-packages/urllib3/connectionpool.py", line 537, in _make_request
    response = conn.getresponse()
               ^^^^^^^^^^^^^^^^^^
  File "/home/miguel/coding-projects/ScrapingFincasHacienda/env/lib/python3.12/site-packages/urllib3/connection.py", line 466, in getresponse
    httplib_response = super().getresponse()
                       ^^^^^^^^^^^^^^^^^^^^^
  File "/usr/lib/python3.12/http/client.py", line 1428, in getresponse
    response.begin()
  File "/usr/lib/python3.12/http/client.py", line 331, in begin
    version, status, reason = self._read_status()
                              ^^^^^^^^^^^^^^^^^^^
  File "/usr/lib/python3.12/http/client.py", line 300, in _read_status
    raise RemoteDisconnected("Remote end closed connection without"
http.client.RemoteDisconnected: Remote end closed connection without response

During handling of the above exception, another exception occurred:

Traceback (most recent call last):
  File "/home/miguel/coding-projects/ScrapingFincasHacienda/scrapingFincasHacienda/Correos/correos.py", line 63, in get_data
    data = self.__get_info_about_search()
           ^^^^^^^^^^^^^^^^^^^^^^^^^^^^^^
  File "/home/miguel/coding-projects/ScrapingFincasHacienda/scrapingFincasHacienda/Correos/correos.py", line 122, in __get_info_about_search
    cp, province, locality = self.find_elements(
                             ^^^^^^^^^^^^^^^^^^^
  File "/home/miguel/coding-projects/ScrapingFincasHacienda/env/lib/python3.12/site-packages/selenium/webdriver/remote/webdriver.py", line 778, in find_elements
    return self.execute(Command.FIND_ELEMENTS, {"using": by, "value": value})["value"] or []
           ^^^^^^^^^^^^^^^^^^^^^^^^^^^^^^^^^^^^^^^^^^^^^^^^^^^^^^^^^^^^^^^^^^
  File "/home/miguel/coding-projects/ScrapingFincasHacienda/env/lib/python3.12/site-packages/selenium/webdriver/remote/webdriver.py", line 352, in execute
    response = self.command_executor.execute(driver_command, params)
               ^^^^^^^^^^^^^^^^^^^^^^^^^^^^^^^^^^^^^^^^^^^^^^^^^^^^^
  File "/home/miguel/coding-projects/ScrapingFincasHacienda/env/lib/python3.12/site-packages/selenium/webdriver/remote/remote_connection.py", line 306, in execute
    return self._request(command_info[0], url, body=data)
           ^^^^^^^^^^^^^^^^^^^^^^^^^^^^^^^^^^^^^^^^^^^^^^
  File "/home/miguel/coding-projects/ScrapingFincasHacienda/env/lib/python3.12/site-packages/selenium/webdriver/remote/remote_connection.py", line 326, in _request
    response = self._conn.request(method, url, body=body, headers=headers)
               ^^^^^^^^^^^^^^^^^^^^^^^^^^^^^^^^^^^^^^^^^^^^^^^^^^^^^^^^^^^
  File "/home/miguel/coding-projects/ScrapingFincasHacienda/env/lib/python3.12/site-packages/urllib3/_request_methods.py", line 144, in request
    return self.request_encode_body(
           ^^^^^^^^^^^^^^^^^^^^^^^^^
  File "/home/miguel/coding-projects/ScrapingFincasHacienda/env/lib/python3.12/site-packages/urllib3/_request_methods.py", line 279, in request_encode_body
    return self.urlopen(method, url, **extra_kw)
           ^^^^^^^^^^^^^^^^^^^^^^^^^^^^^^^^^^^^^
  File "/home/miguel/coding-projects/ScrapingFincasHacienda/env/lib/python3.12/site-packages/urllib3/poolmanager.py", line 444, in urlopen
    response = conn.urlopen(method, u.request_uri, **kw)
               ^^^^^^^^^^^^^^^^^^^^^^^^^^^^^^^^^^^^^^^^^
  File "/home/miguel/coding-projects/ScrapingFincasHacienda/env/lib/python3.12/site-packages/urllib3/connectionpool.py", line 847, in urlopen
    retries = retries.increment(
              ^^^^^^^^^^^^^^^^^^
  File "/home/miguel/coding-projects/ScrapingFincasHacienda/env/lib/python3.12/site-packages/urllib3/util/retry.py", line 470, in increment
    raise reraise(type(error), error, _stacktrace)
          ^^^^^^^^^^^^^^^^^^^^^^^^^^^^^^^^^^^^^^^^
  File "/home/miguel/coding-projects/ScrapingFincasHacienda/env/lib/python3.12/site-packages/urllib3/util/util.py", line 38, in reraise
    raise value.with_traceback(tb)
  File "/home/miguel/coding-projects/ScrapingFincasHacienda/env/lib/python3.12/site-packages/urllib3/connectionpool.py", line 793, in urlopen
    response = self._make_request(
               ^^^^^^^^^^^^^^^^^^^
  File "/home/miguel/coding-projects/ScrapingFincasHacienda/env/lib/python3.12/site-packages/urllib3/connectionpool.py", line 537, in _make_request
    response = conn.getresponse()
               ^^^^^^^^^^^^^^^^^^
  File "/home/miguel/coding-projects/ScrapingFincasHacienda/env/lib/python3.12/site-packages/urllib3/connection.py", line 466, in getresponse
    httplib_response = super().getresponse()
                       ^^^^^^^^^^^^^^^^^^^^^
  File "/usr/lib/python3.12/http/client.py", line 1428, in getresponse
    response.begin()
  File "/usr/lib/python3.12/http/client.py", line 331, in begin
    version, status, reason = self._read_status()
                              ^^^^^^^^^^^^^^^^^^^
  File "/usr/lib/python3.12/http/client.py", line 300, in _read_status
    raise RemoteDisconnected("Remote end closed connection without"
urllib3.exceptions.ProtocolError: ('Connection aborted.', RemoteDisconnected('Remote end closed connection without response'))
2024-10-09 21:45:24,893 - WARNING  -> Retrying (Retry(total=2, connect=None, read=None, redirect=None, status=None)) after connection broken by 'NewConnectionError('<urllib3.connection.HTTPConnection object at 0x7bbab1d07da0>: Failed to establish a new connection: [Errno 111] Connection refused')': /session/ac9b98c4c10d08b9840dd1ea4e06fd67
2024-10-09 21:45:24,893 - WARNING  -> Retrying (Retry(total=1, connect=None, read=None, redirect=None, status=None)) after connection broken by 'NewConnectionError('<urllib3.connection.HTTPConnection object at 0x7bbab05fd2e0>: Failed to establish a new connection: [Errno 111] Connection refused')': /session/ac9b98c4c10d08b9840dd1ea4e06fd67
2024-10-09 21:45:24,894 - WARNING  -> Retrying (Retry(total=0, connect=None, read=None, redirect=None, status=None)) after connection broken by 'NewConnectionError('<urllib3.connection.HTTPConnection object at 0x7bbab05fdeb0>: Failed to establish a new connection: [Errno 111] Connection refused')': /session/ac9b98c4c10d08b9840dd1ea4e06fd67
2024-10-09 21:45:36,044 - INFO     ->  16 -  1  -  1   - Land '16102A502000230000QX' is in 'CUENCA' province. More precisely is on 'GARABALLA' locality with C.P. 16312
