2024-10-10 14:27:51,080 - INFO     ->  16 -  .  -  .   - Auction retrieved: https://www.hacienda.gob.es/es-ES/Areas%20Tematicas/Patrimonio%20del%20Estado/Gestion%20Patrimonial%20del%20Estado/Paginas/Subastas/DEH-CUENCA-Subasta-publica.aspx
2024-10-10 14:27:54,687 - INFO     ->  16 -  .  -  .   - List of lands: https://www.hacienda.gob.es/DGPatrimonio/GestiÃ³n%20Patrimonial/subastas/DEH_CUENCA/Pliego%20de%20condiciones.pdf
2024-10-10 14:27:57,054 - INFO     ->  16 -  1  -  .   - ['16102A502000230000QX'], 3025.0
2024-10-10 14:27:57,054 - INFO     ->  16 -  2  -  .   - ['16102A502000490000QK'], 8500.0
2024-10-10 14:27:57,054 - INFO     ->  16 -  3  -  .   - ['16102A502000960000QU'], 710.98
2024-10-10 14:27:57,054 - INFO     ->  16 -  4  -  .   - ['16102A503000010000QI'], 3350.0
2024-10-10 14:27:57,054 - INFO     ->  16 -  5  -  .   - ['16102A503000190000QT'], 750.0
2024-10-10 14:27:57,054 - INFO     ->  16 -  6  -  .   - ['16102A503000230000QF'], 2450.0
2024-10-10 14:27:57,054 - INFO     ->  16 -  7  -  .   - ['16102A503000320000QX'], 6651.12
2024-10-10 14:27:57,054 - INFO     ->  16 -  8  -  .   - ['16102A504000230000QY'], 1850.0
2024-10-10 14:27:57,054 - INFO     ->  16 -  9  -  .   - ['16102A505000060000QF'], 5300.0
2024-10-10 14:27:57,054 - INFO     ->  16 -  10 -  .   - ['16102A506000280000QS'], 550.0
2024-10-10 14:27:57,054 - INFO     ->  16 -  11 -  .   - ['16102A506000330000QU'], 2100.0
2024-10-10 14:27:57,054 - INFO     ->  16 -  12 -  .   - ['16102A506000510000QM'], 17500.0
2024-10-10 14:27:57,054 - INFO     ->  16 -  13 -  .   - ['16102A507001060000QW'], 380.0
2024-10-10 14:27:57,054 - INFO     ->  16 -  14 -  .   - ['16102A508000290000QT'], 210.0
2024-10-10 14:27:57,055 - INFO     ->  16 -  15 -  .   - ['16102A508000330000QF'], 240.0
2024-10-10 14:27:57,055 - INFO     ->  16 -  16 -  .   - ['16102A508000380000QD'], 209.51
2024-10-10 14:27:57,055 - INFO     ->  16 -  17 -  .   - ['16102A508000490000QH'], 300.0
2024-10-10 14:27:57,055 - INFO     ->  16 -  18 -  .   - ['16102A509000010000QY'], 560.0
2024-10-10 14:27:57,055 - INFO     ->  16 -  19 -  .   - ['16102A510000010000QX'], 4512.8
2024-10-10 14:27:57,055 - INFO     ->  16 -  20 -  .   - ['16102A512000580000QH'], 750.0
2024-10-10 14:27:57,055 - INFO     ->  16 -  21 -  .   - ['16102A512000620000QW'], 200.0
2024-10-10 14:27:57,055 - INFO     ->  16 -  22 -  .   - ['16102A515000470000QS'], 775.0
2024-10-10 14:27:57,055 - INFO     ->  16 -  23 -  .   - ['16233A501000170000OE'], 300.0
2024-10-10 14:27:57,055 - INFO     ->  16 -  24 -  .   - ['16233A501000630000OY'], 10283.18
2024-10-10 14:27:57,055 - INFO     ->  16 -  25 -  .   - ['16233A501000700000OL'], 5834.87
2024-10-10 14:27:57,055 - INFO     ->  16 -  26 -  .   - ['16233A503000150000OG'], 300.0
2024-10-10 14:27:57,055 - INFO     ->  16 -  27 -  .   - ['16233A503000200000OP'], 900.0
2024-10-10 14:27:57,055 - INFO     ->  16 -  28 -  .   - ['16233A503000340000OJ'], 4150.0
2024-10-10 14:27:57,055 - INFO     ->  16 -  29 -  .   - ['16233A506000020000OH'], 6000.0
2024-10-10 14:27:57,055 - INFO     ->  16 -  30 -  .   - ['16233A506000040000OA'], 1050.0
2024-10-10 14:27:57,055 - INFO     ->  16 -  31 -  .   - ['16233A506000060000OY'], 3700.0
2024-10-10 14:27:57,055 - INFO     ->  16 -  32 -  .   - ['16233A506000090000OP'], 400.0
2024-10-10 14:27:57,055 - INFO     ->  16 -  33 -  .   - ['16233A506010010000OS'], 2830.0
2024-10-10 14:27:57,055 - INFO     ->  16 -  34 -  .   - ['16233A506010020000OZ'], 300.0
2024-10-10 14:27:57,055 - INFO     ->  16 -  35 -  .   - ['16233A508000220000OA'], 1383.67
2024-10-10 14:27:57,055 - INFO     ->  16 -  36 -  .   - ['16233A551000250000OZ'], 3650.0
2024-10-10 14:27:57,055 - INFO     ->  16 -  37 -  .   - ['16123A501000250000GW'], 1083.75
2024-10-10 14:27:57,055 - INFO     ->  16 -  38 -  .   - ['16123A511001620000GF'], 1117.75
2024-10-10 14:27:57,055 - INFO     ->  16 -  39 -  .   - ['16123A511000310000GL'], 450.5
2024-10-10 14:27:57,055 - INFO     ->  16 -  40 -  .   - ['16256A510000560000IF'], 2125.0
2024-10-10 14:27:57,055 - INFO     ->  16 -  41 -  .   - ['16256A510000680000IE'], 416.5
2024-10-10 14:27:57,055 - INFO     ->  16 -  42 -  .   - ['16256A513000510000IF'], 892.5
2024-10-10 14:27:57,055 - INFO     ->  16 -  43 -  .   - ['16256A513000520000IM'], 255.0
2024-10-10 14:27:57,055 - INFO     ->  16 -  44 -  .   - ['16256A515000990000IM'], 1275.0
2024-10-10 14:27:57,055 - INFO     ->  16 -  45 -  .   - ['16256A516000450000IO'], 977.5
2024-10-10 14:27:57,055 - INFO     ->  16 -  46 -  .   - ['16256A525000400000II'], 743.75
2024-10-10 14:27:57,056 - INFO     ->  16 -  47 -  .   - ['16233A507000260000OO'], 6375.0
2024-10-10 14:27:57,056 - INFO     ->  16 -  48 -  .   - ['16233A507000300000OK'], 255.0
2024-10-10 14:27:57,056 - INFO     ->  16 -  49 -  .   - ['16256A511000300000IP'], 6502.5
2024-10-10 14:27:57,056 - INFO     ->  16 -  50 -  .   - ['16256A512000650000IY'], 1986.88
2024-10-10 14:27:57,056 - INFO     ->  16 -  51 -  .   - ['16256A516000490000IX'], 1408.88
2024-10-10 14:27:57,056 - INFO     ->  16 -  52 -  .   - ['16256A521000660000ID'], 1192.13
2024-10-10 14:27:57,056 - INFO     ->  16 -  53 -  .   - ['16123A509001370000GM'], 484.08
2024-10-10 14:27:57,056 - WARNING  ->  16 -  54 -  .   - Failed to process the lote 54
2024-10-10 14:27:57,056 - WARNING  ->  16 -  55 -  .   - Failed to process the lote 55
2024-10-10 14:27:57,056 - INFO     ->  16 -  56 -  .   - ['16123A524000410000GW'], 552.71
2024-10-10 14:27:57,056 - INFO     ->  16 -  57 -  .   - ['16123A520001480000GO'], 399.19
2024-10-10 14:27:57,056 - INFO     ->  16 -  58 -  .   - ['16123A508001510000GA', '16123A511010180000GU'], 775.64
2024-10-10 14:28:14,308 - ERROR    ->  16 -  1  -  1   - Failed to get data from land '16102A502000230000QX'
Traceback (most recent call last):
  File "/home/miguel/coding-projects/ScrapingFincasHacienda/scrapingFincasHacienda/Catastro/catastro.py", line 81, in get_data
    self.__search()
  File "/home/miguel/coding-projects/ScrapingFincasHacienda/scrapingFincasHacienda/Catastro/catastro.py", line 132, in __search
    self.__close_cookies()
  File "/home/miguel/coding-projects/ScrapingFincasHacienda/scrapingFincasHacienda/Catastro/catastro.py", line 297, in __close_cookies
    button_cookie = self.find_element(
                    ^^^^^^^^^^^^^^^^^^
  File "/home/miguel/coding-projects/ScrapingFincasHacienda/env/lib/python3.12/site-packages/selenium/webdriver/remote/webdriver.py", line 748, in find_element
    return self.execute(Command.FIND_ELEMENT, {"using": by, "value": value})["value"]
           ^^^^^^^^^^^^^^^^^^^^^^^^^^^^^^^^^^^^^^^^^^^^^^^^^^^^^^^^^^^^^^^^^
  File "/home/miguel/coding-projects/ScrapingFincasHacienda/env/lib/python3.12/site-packages/selenium/webdriver/remote/webdriver.py", line 354, in execute
    self.error_handler.check_response(response)
  File "/home/miguel/coding-projects/ScrapingFincasHacienda/env/lib/python3.12/site-packages/selenium/webdriver/remote/errorhandler.py", line 229, in check_response
    raise exception_class(message, screen, stacktrace)
selenium.common.exceptions.NoSuchElementException: Message: no such element: Unable to locate element: {"method":"xpath","selector":"//a[@aria-label='allow cookies']"}
  (Session info: chrome=128.0.6613.113); For documentation on this error, please visit: https://www.selenium.dev/documentation/webdriver/troubleshooting/errors#no-such-element-exception
Stacktrace:
#0 0x61f9a684a2da <unknown>
#1 0x61f9a6518200 <unknown>
#2 0x61f9a6567aa2 <unknown>
#3 0x61f9a6567d41 <unknown>
#4 0x61f9a65ad964 <unknown>
#5 0x61f9a658c8fd <unknown>
#6 0x61f9a65aadfd <unknown>
#7 0x61f9a658c673 <unknown>
#8 0x61f9a655a473 <unknown>
#9 0x61f9a655b47e <unknown>
#10 0x61f9a68110db <unknown>
#11 0x61f9a6815071 <unknown>
#12 0x61f9a67fd9d5 <unknown>
#13 0x61f9a6815bf2 <unknown>
#14 0x61f9a67e2b6f <unknown>
#15 0x61f9a6839248 <unknown>
#16 0x61f9a6839417 <unknown>
#17 0x61f9a68490cc <unknown>
#18 0x77ce89ea139d <unknown>
#19 0x77ce89f2649c <unknown>

2024-10-10 14:28:27,987 - ERROR    ->  16 -  2  -  1   - Failed to get data from land '16102A502000490000QK'
Traceback (most recent call last):
  File "/home/miguel/coding-projects/ScrapingFincasHacienda/env/lib/python3.12/site-packages/urllib3/connectionpool.py", line 793, in urlopen
    response = self._make_request(
               ^^^^^^^^^^^^^^^^^^^
  File "/home/miguel/coding-projects/ScrapingFincasHacienda/env/lib/python3.12/site-packages/urllib3/connectionpool.py", line 537, in _make_request
    response = conn.getresponse()
               ^^^^^^^^^^^^^^^^^^
  File "/home/miguel/coding-projects/ScrapingFincasHacienda/env/lib/python3.12/site-packages/urllib3/connection.py", line 466, in getresponse
    httplib_response = super().getresponse()
                       ^^^^^^^^^^^^^^^^^^^^^
  File "/usr/lib/python3.12/http/client.py", line 1428, in getresponse
    response.begin()
  File "/usr/lib/python3.12/http/client.py", line 331, in begin
    version, status, reason = self._read_status()
                              ^^^^^^^^^^^^^^^^^^^
  File "/usr/lib/python3.12/http/client.py", line 300, in _read_status
    raise RemoteDisconnected("Remote end closed connection without"
http.client.RemoteDisconnected: Remote end closed connection without response

During handling of the above exception, another exception occurred:

Traceback (most recent call last):
  File "/home/miguel/coding-projects/ScrapingFincasHacienda/scrapingFincasHacienda/Catastro/catastro.py", line 81, in get_data
    self.__search()
  File "/home/miguel/coding-projects/ScrapingFincasHacienda/scrapingFincasHacienda/Catastro/catastro.py", line 132, in __search
    self.__close_cookies()
  File "/home/miguel/coding-projects/ScrapingFincasHacienda/scrapingFincasHacienda/Catastro/catastro.py", line 297, in __close_cookies
    button_cookie = self.find_element(
                    ^^^^^^^^^^^^^^^^^^
  File "/home/miguel/coding-projects/ScrapingFincasHacienda/env/lib/python3.12/site-packages/selenium/webdriver/remote/webdriver.py", line 748, in find_element
    return self.execute(Command.FIND_ELEMENT, {"using": by, "value": value})["value"]
           ^^^^^^^^^^^^^^^^^^^^^^^^^^^^^^^^^^^^^^^^^^^^^^^^^^^^^^^^^^^^^^^^^
  File "/home/miguel/coding-projects/ScrapingFincasHacienda/env/lib/python3.12/site-packages/selenium/webdriver/remote/webdriver.py", line 352, in execute
    response = self.command_executor.execute(driver_command, params)
               ^^^^^^^^^^^^^^^^^^^^^^^^^^^^^^^^^^^^^^^^^^^^^^^^^^^^^
  File "/home/miguel/coding-projects/ScrapingFincasHacienda/env/lib/python3.12/site-packages/selenium/webdriver/remote/remote_connection.py", line 306, in execute
    return self._request(command_info[0], url, body=data)
           ^^^^^^^^^^^^^^^^^^^^^^^^^^^^^^^^^^^^^^^^^^^^^^
  File "/home/miguel/coding-projects/ScrapingFincasHacienda/env/lib/python3.12/site-packages/selenium/webdriver/remote/remote_connection.py", line 326, in _request
    response = self._conn.request(method, url, body=body, headers=headers)
               ^^^^^^^^^^^^^^^^^^^^^^^^^^^^^^^^^^^^^^^^^^^^^^^^^^^^^^^^^^^
  File "/home/miguel/coding-projects/ScrapingFincasHacienda/env/lib/python3.12/site-packages/urllib3/_request_methods.py", line 144, in request
    return self.request_encode_body(
           ^^^^^^^^^^^^^^^^^^^^^^^^^
  File "/home/miguel/coding-projects/ScrapingFincasHacienda/env/lib/python3.12/site-packages/urllib3/_request_methods.py", line 279, in request_encode_body
    return self.urlopen(method, url, **extra_kw)
           ^^^^^^^^^^^^^^^^^^^^^^^^^^^^^^^^^^^^^
  File "/home/miguel/coding-projects/ScrapingFincasHacienda/env/lib/python3.12/site-packages/urllib3/poolmanager.py", line 444, in urlopen
    response = conn.urlopen(method, u.request_uri, **kw)
               ^^^^^^^^^^^^^^^^^^^^^^^^^^^^^^^^^^^^^^^^^
  File "/home/miguel/coding-projects/ScrapingFincasHacienda/env/lib/python3.12/site-packages/urllib3/connectionpool.py", line 847, in urlopen
    retries = retries.increment(
              ^^^^^^^^^^^^^^^^^^
  File "/home/miguel/coding-projects/ScrapingFincasHacienda/env/lib/python3.12/site-packages/urllib3/util/retry.py", line 470, in increment
    raise reraise(type(error), error, _stacktrace)
          ^^^^^^^^^^^^^^^^^^^^^^^^^^^^^^^^^^^^^^^^
  File "/home/miguel/coding-projects/ScrapingFincasHacienda/env/lib/python3.12/site-packages/urllib3/util/util.py", line 38, in reraise
    raise value.with_traceback(tb)
  File "/home/miguel/coding-projects/ScrapingFincasHacienda/env/lib/python3.12/site-packages/urllib3/connectionpool.py", line 793, in urlopen
    response = self._make_request(
               ^^^^^^^^^^^^^^^^^^^
  File "/home/miguel/coding-projects/ScrapingFincasHacienda/env/lib/python3.12/site-packages/urllib3/connectionpool.py", line 537, in _make_request
    response = conn.getresponse()
               ^^^^^^^^^^^^^^^^^^
  File "/home/miguel/coding-projects/ScrapingFincasHacienda/env/lib/python3.12/site-packages/urllib3/connection.py", line 466, in getresponse
    httplib_response = super().getresponse()
                       ^^^^^^^^^^^^^^^^^^^^^
  File "/usr/lib/python3.12/http/client.py", line 1428, in getresponse
    response.begin()
  File "/usr/lib/python3.12/http/client.py", line 331, in begin
    version, status, reason = self._read_status()
                              ^^^^^^^^^^^^^^^^^^^
  File "/usr/lib/python3.12/http/client.py", line 300, in _read_status
    raise RemoteDisconnected("Remote end closed connection without"
urllib3.exceptions.ProtocolError: ('Connection aborted.', RemoteDisconnected('Remote end closed connection without response'))
2024-10-10 14:28:30,464 - ERROR    ->  16 -  3  -  1   - Failed to get data from land '16102A502000960000QU'
Traceback (most recent call last):
  File "/home/miguel/coding-projects/ScrapingFincasHacienda/scrapingFincasHacienda/Catastro/catastro.py", line 81, in get_data
    self.__search()
  File "/home/miguel/coding-projects/ScrapingFincasHacienda/scrapingFincasHacienda/Catastro/catastro.py", line 132, in __search
    self.__close_cookies()
  File "/home/miguel/coding-projects/ScrapingFincasHacienda/scrapingFincasHacienda/Catastro/catastro.py", line 297, in __close_cookies
    button_cookie = self.find_element(
                    ^^^^^^^^^^^^^^^^^^
  File "/home/miguel/coding-projects/ScrapingFincasHacienda/env/lib/python3.12/site-packages/selenium/webdriver/remote/webdriver.py", line 748, in find_element
    return self.execute(Command.FIND_ELEMENT, {"using": by, "value": value})["value"]
           ^^^^^^^^^^^^^^^^^^^^^^^^^^^^^^^^^^^^^^^^^^^^^^^^^^^^^^^^^^^^^^^^^
  File "/home/miguel/coding-projects/ScrapingFincasHacienda/env/lib/python3.12/site-packages/selenium/webdriver/remote/webdriver.py", line 354, in execute
    self.error_handler.check_response(response)
  File "/home/miguel/coding-projects/ScrapingFincasHacienda/env/lib/python3.12/site-packages/selenium/webdriver/remote/errorhandler.py", line 229, in check_response
    raise exception_class(message, screen, stacktrace)
selenium.common.exceptions.WebDriverException: Message: disconnected: unable to send message to renderer
  (failed to check if window was closed: disconnected: not connected to DevTools)
  (Session info: chrome=128.0.6613.113)
Stacktrace:
#0 0x5b44445472da <unknown>
#1 0x5b4444215200 <unknown>
#2 0x5b44441fc257 <unknown>
#3 0x5b44441fc1d5 <unknown>
#4 0x5b44441fa9ba <unknown>
#5 0x5b44441fb6bf <unknown>
#6 0x5b4444218e75 <unknown>
#7 0x5b44442197b0 <unknown>
#8 0x5b444421cd15 <unknown>
#9 0x5b444421cd9c <unknown>
#10 0x5b44442646fc <unknown>
#11 0x5b4444264d41 <unknown>
#12 0x5b44442aa964 <unknown>
#13 0x5b44442898fd <unknown>
#14 0x5b44442a7dfd <unknown>
#15 0x5b4444289673 <unknown>
#16 0x5b4444257473 <unknown>
#17 0x5b444425847e <unknown>
#18 0x5b444450e0db <unknown>
#19 0x5b4444512071 <unknown>
#20 0x5b44444fa9d5 <unknown>
#21 0x5b4444512bf2 <unknown>
#22 0x5b44444dfb6f <unknown>
#23 0x5b4444536248 <unknown>
#24 0x5b4444536417 <unknown>
#25 0x5b44445460cc <unknown>
#26 0x71f8a7f4139d <unknown>
#27 0x71f8a7fc649c <unknown>

2024-10-10 14:28:32,651 - ERROR    ->  16 -  4  -  1   - Failed to get data from land '16102A503000010000QI'
Traceback (most recent call last):
  File "/home/miguel/coding-projects/ScrapingFincasHacienda/env/lib/python3.12/site-packages/urllib3/connectionpool.py", line 793, in urlopen
    response = self._make_request(
               ^^^^^^^^^^^^^^^^^^^
  File "/home/miguel/coding-projects/ScrapingFincasHacienda/env/lib/python3.12/site-packages/urllib3/connectionpool.py", line 537, in _make_request
    response = conn.getresponse()
               ^^^^^^^^^^^^^^^^^^
  File "/home/miguel/coding-projects/ScrapingFincasHacienda/env/lib/python3.12/site-packages/urllib3/connection.py", line 466, in getresponse
    httplib_response = super().getresponse()
                       ^^^^^^^^^^^^^^^^^^^^^
  File "/usr/lib/python3.12/http/client.py", line 1428, in getresponse
    response.begin()
  File "/usr/lib/python3.12/http/client.py", line 331, in begin
    version, status, reason = self._read_status()
                              ^^^^^^^^^^^^^^^^^^^
  File "/usr/lib/python3.12/http/client.py", line 300, in _read_status
    raise RemoteDisconnected("Remote end closed connection without"
http.client.RemoteDisconnected: Remote end closed connection without response

During handling of the above exception, another exception occurred:

Traceback (most recent call last):
  File "/home/miguel/coding-projects/ScrapingFincasHacienda/scrapingFincasHacienda/Catastro/catastro.py", line 81, in get_data
    self.__search()
  File "/home/miguel/coding-projects/ScrapingFincasHacienda/scrapingFincasHacienda/Catastro/catastro.py", line 132, in __search
    self.__close_cookies()
  File "/home/miguel/coding-projects/ScrapingFincasHacienda/scrapingFincasHacienda/Catastro/catastro.py", line 297, in __close_cookies
    button_cookie = self.find_element(
                    ^^^^^^^^^^^^^^^^^^
  File "/home/miguel/coding-projects/ScrapingFincasHacienda/env/lib/python3.12/site-packages/selenium/webdriver/remote/webdriver.py", line 748, in find_element
    return self.execute(Command.FIND_ELEMENT, {"using": by, "value": value})["value"]
           ^^^^^^^^^^^^^^^^^^^^^^^^^^^^^^^^^^^^^^^^^^^^^^^^^^^^^^^^^^^^^^^^^
  File "/home/miguel/coding-projects/ScrapingFincasHacienda/env/lib/python3.12/site-packages/selenium/webdriver/remote/webdriver.py", line 352, in execute
    response = self.command_executor.execute(driver_command, params)
               ^^^^^^^^^^^^^^^^^^^^^^^^^^^^^^^^^^^^^^^^^^^^^^^^^^^^^
  File "/home/miguel/coding-projects/ScrapingFincasHacienda/env/lib/python3.12/site-packages/selenium/webdriver/remote/remote_connection.py", line 306, in execute
    return self._request(command_info[0], url, body=data)
           ^^^^^^^^^^^^^^^^^^^^^^^^^^^^^^^^^^^^^^^^^^^^^^
  File "/home/miguel/coding-projects/ScrapingFincasHacienda/env/lib/python3.12/site-packages/selenium/webdriver/remote/remote_connection.py", line 326, in _request
    response = self._conn.request(method, url, body=body, headers=headers)
               ^^^^^^^^^^^^^^^^^^^^^^^^^^^^^^^^^^^^^^^^^^^^^^^^^^^^^^^^^^^
  File "/home/miguel/coding-projects/ScrapingFincasHacienda/env/lib/python3.12/site-packages/urllib3/_request_methods.py", line 144, in request
    return self.request_encode_body(
           ^^^^^^^^^^^^^^^^^^^^^^^^^
  File "/home/miguel/coding-projects/ScrapingFincasHacienda/env/lib/python3.12/site-packages/urllib3/_request_methods.py", line 279, in request_encode_body
    return self.urlopen(method, url, **extra_kw)
           ^^^^^^^^^^^^^^^^^^^^^^^^^^^^^^^^^^^^^
  File "/home/miguel/coding-projects/ScrapingFincasHacienda/env/lib/python3.12/site-packages/urllib3/poolmanager.py", line 444, in urlopen
    response = conn.urlopen(method, u.request_uri, **kw)
               ^^^^^^^^^^^^^^^^^^^^^^^^^^^^^^^^^^^^^^^^^
  File "/home/miguel/coding-projects/ScrapingFincasHacienda/env/lib/python3.12/site-packages/urllib3/connectionpool.py", line 847, in urlopen
    retries = retries.increment(
              ^^^^^^^^^^^^^^^^^^
  File "/home/miguel/coding-projects/ScrapingFincasHacienda/env/lib/python3.12/site-packages/urllib3/util/retry.py", line 470, in increment
    raise reraise(type(error), error, _stacktrace)
          ^^^^^^^^^^^^^^^^^^^^^^^^^^^^^^^^^^^^^^^^
  File "/home/miguel/coding-projects/ScrapingFincasHacienda/env/lib/python3.12/site-packages/urllib3/util/util.py", line 38, in reraise
    raise value.with_traceback(tb)
  File "/home/miguel/coding-projects/ScrapingFincasHacienda/env/lib/python3.12/site-packages/urllib3/connectionpool.py", line 793, in urlopen
    response = self._make_request(
               ^^^^^^^^^^^^^^^^^^^
  File "/home/miguel/coding-projects/ScrapingFincasHacienda/env/lib/python3.12/site-packages/urllib3/connectionpool.py", line 537, in _make_request
    response = conn.getresponse()
               ^^^^^^^^^^^^^^^^^^
  File "/home/miguel/coding-projects/ScrapingFincasHacienda/env/lib/python3.12/site-packages/urllib3/connection.py", line 466, in getresponse
    httplib_response = super().getresponse()
                       ^^^^^^^^^^^^^^^^^^^^^
  File "/usr/lib/python3.12/http/client.py", line 1428, in getresponse
    response.begin()
  File "/usr/lib/python3.12/http/client.py", line 331, in begin
    version, status, reason = self._read_status()
                              ^^^^^^^^^^^^^^^^^^^
  File "/usr/lib/python3.12/http/client.py", line 300, in _read_status
    raise RemoteDisconnected("Remote end closed connection without"
urllib3.exceptions.ProtocolError: ('Connection aborted.', RemoteDisconnected('Remote end closed connection without response'))
2024-10-10 14:28:34,796 - ERROR    ->  16 -  5  -  1   - Failed to get data from land '16102A503000190000QT'
Traceback (most recent call last):
  File "/home/miguel/coding-projects/ScrapingFincasHacienda/scrapingFincasHacienda/Catastro/catastro.py", line 81, in get_data
    self.__search()
  File "/home/miguel/coding-projects/ScrapingFincasHacienda/scrapingFincasHacienda/Catastro/catastro.py", line 132, in __search
    self.__close_cookies()
  File "/home/miguel/coding-projects/ScrapingFincasHacienda/scrapingFincasHacienda/Catastro/catastro.py", line 297, in __close_cookies
    button_cookie = self.find_element(
                    ^^^^^^^^^^^^^^^^^^
  File "/home/miguel/coding-projects/ScrapingFincasHacienda/env/lib/python3.12/site-packages/selenium/webdriver/remote/webdriver.py", line 748, in find_element
    return self.execute(Command.FIND_ELEMENT, {"using": by, "value": value})["value"]
           ^^^^^^^^^^^^^^^^^^^^^^^^^^^^^^^^^^^^^^^^^^^^^^^^^^^^^^^^^^^^^^^^^
  File "/home/miguel/coding-projects/ScrapingFincasHacienda/env/lib/python3.12/site-packages/selenium/webdriver/remote/webdriver.py", line 354, in execute
    self.error_handler.check_response(response)
  File "/home/miguel/coding-projects/ScrapingFincasHacienda/env/lib/python3.12/site-packages/selenium/webdriver/remote/errorhandler.py", line 229, in check_response
    raise exception_class(message, screen, stacktrace)
selenium.common.exceptions.WebDriverException: Message: disconnected: unable to send message to renderer
  (failed to check if window was closed: disconnected: not connected to DevTools)
  (Session info: chrome=128.0.6613.113)
Stacktrace:
#0 0x5bc268c862da <unknown>
#1 0x5bc268954200 <unknown>
#2 0x5bc26893b257 <unknown>
#3 0x5bc26893b1d5 <unknown>
#4 0x5bc2689399ba <unknown>
#5 0x5bc26893a6bf <unknown>
#6 0x5bc268957e75 <unknown>
#7 0x5bc2689587b0 <unknown>
#8 0x5bc26895bd15 <unknown>
#9 0x5bc26895bd9c <unknown>
#10 0x5bc2689a36fc <unknown>
#11 0x5bc2689a3d41 <unknown>
#12 0x5bc2689e9964 <unknown>
#13 0x5bc2689c88fd <unknown>
#14 0x5bc2689e6dfd <unknown>
#15 0x5bc2689c8673 <unknown>
#16 0x5bc268996473 <unknown>
#17 0x5bc26899747e <unknown>
#18 0x5bc268c4d0db <unknown>
#19 0x5bc268c51071 <unknown>
#20 0x5bc268c399d5 <unknown>
#21 0x5bc268c51bf2 <unknown>
#22 0x5bc268c1eb6f <unknown>
#23 0x5bc268c75248 <unknown>
#24 0x5bc268c75417 <unknown>
#25 0x5bc268c850cc <unknown>
#26 0x714348d5739d <unknown>
#27 0x714348ddc49c <unknown>

2024-10-10 17:34:06,222 - INFO     ->  16 -  .  -  .   - Auction retrieved: https://www.hacienda.gob.es/es-ES/Areas%20Tematicas/Patrimonio%20del%20Estado/Gestion%20Patrimonial%20del%20Estado/Paginas/Subastas/DEH-CUENCA-Subasta-publica.aspx
2024-10-10 17:34:10,002 - INFO     ->  16 -  .  -  .   - List of lands: https://www.hacienda.gob.es/DGPatrimonio/GestiÃ³n%20Patrimonial/subastas/DEH_CUENCA/Pliego%20de%20condiciones.pdf
2024-10-10 17:34:12,204 - INFO     ->  16 -  1  -  .   - ['16102A502000230000QX'], 3025.0
2024-10-10 17:34:12,204 - INFO     ->  16 -  2  -  .   - ['16102A502000490000QK'], 8500.0
2024-10-10 17:34:12,204 - INFO     ->  16 -  3  -  .   - ['16102A502000960000QU'], 710.98
2024-10-10 17:34:12,204 - INFO     ->  16 -  4  -  .   - ['16102A503000010000QI'], 3350.0
2024-10-10 17:34:12,204 - INFO     ->  16 -  5  -  .   - ['16102A503000190000QT'], 750.0
2024-10-10 17:34:12,204 - INFO     ->  16 -  6  -  .   - ['16102A503000230000QF'], 2450.0
2024-10-10 17:34:12,204 - INFO     ->  16 -  7  -  .   - ['16102A503000320000QX'], 6651.12
2024-10-10 17:34:12,204 - INFO     ->  16 -  8  -  .   - ['16102A504000230000QY'], 1850.0
2024-10-10 17:34:12,204 - INFO     ->  16 -  9  -  .   - ['16102A505000060000QF'], 5300.0
2024-10-10 17:34:12,204 - INFO     ->  16 -  10 -  .   - ['16102A506000280000QS'], 550.0
2024-10-10 17:34:12,204 - INFO     ->  16 -  11 -  .   - ['16102A506000330000QU'], 2100.0
2024-10-10 17:34:12,204 - INFO     ->  16 -  12 -  .   - ['16102A506000510000QM'], 17500.0
2024-10-10 17:34:12,204 - INFO     ->  16 -  13 -  .   - ['16102A507001060000QW'], 380.0
2024-10-10 17:34:12,204 - INFO     ->  16 -  14 -  .   - ['16102A508000290000QT'], 210.0
2024-10-10 17:34:12,204 - INFO     ->  16 -  15 -  .   - ['16102A508000330000QF'], 240.0
2024-10-10 17:34:12,204 - INFO     ->  16 -  16 -  .   - ['16102A508000380000QD'], 209.51
2024-10-10 17:34:12,204 - INFO     ->  16 -  17 -  .   - ['16102A508000490000QH'], 300.0
2024-10-10 17:34:12,204 - INFO     ->  16 -  18 -  .   - ['16102A509000010000QY'], 560.0
2024-10-10 17:34:12,204 - INFO     ->  16 -  19 -  .   - ['16102A510000010000QX'], 4512.8
2024-10-10 17:34:12,204 - INFO     ->  16 -  20 -  .   - ['16102A512000580000QH'], 750.0
2024-10-10 17:34:12,204 - INFO     ->  16 -  21 -  .   - ['16102A512000620000QW'], 200.0
2024-10-10 17:34:12,204 - INFO     ->  16 -  22 -  .   - ['16102A515000470000QS'], 775.0
2024-10-10 17:34:12,204 - INFO     ->  16 -  23 -  .   - ['16233A501000170000OE'], 300.0
2024-10-10 17:34:12,204 - INFO     ->  16 -  24 -  .   - ['16233A501000630000OY'], 10283.18
2024-10-10 17:34:12,204 - INFO     ->  16 -  25 -  .   - ['16233A501000700000OL'], 5834.87
2024-10-10 17:34:12,204 - INFO     ->  16 -  26 -  .   - ['16233A503000150000OG'], 300.0
2024-10-10 17:34:12,204 - INFO     ->  16 -  27 -  .   - ['16233A503000200000OP'], 900.0
2024-10-10 17:34:12,204 - INFO     ->  16 -  28 -  .   - ['16233A503000340000OJ'], 4150.0
2024-10-10 17:34:12,204 - INFO     ->  16 -  29 -  .   - ['16233A506000020000OH'], 6000.0
2024-10-10 17:34:12,205 - INFO     ->  16 -  30 -  .   - ['16233A506000040000OA'], 1050.0
2024-10-10 17:34:12,205 - INFO     ->  16 -  31 -  .   - ['16233A506000060000OY'], 3700.0
2024-10-10 17:34:12,205 - INFO     ->  16 -  32 -  .   - ['16233A506000090000OP'], 400.0
2024-10-10 17:34:12,205 - INFO     ->  16 -  33 -  .   - ['16233A506010010000OS'], 2830.0
2024-10-10 17:34:12,205 - INFO     ->  16 -  34 -  .   - ['16233A506010020000OZ'], 300.0
2024-10-10 17:34:12,205 - INFO     ->  16 -  35 -  .   - ['16233A508000220000OA'], 1383.67
2024-10-10 17:34:12,205 - INFO     ->  16 -  36 -  .   - ['16233A551000250000OZ'], 3650.0
2024-10-10 17:34:12,205 - INFO     ->  16 -  37 -  .   - ['16123A501000250000GW'], 1083.75
2024-10-10 17:34:12,205 - INFO     ->  16 -  38 -  .   - ['16123A511001620000GF'], 1117.75
2024-10-10 17:34:12,205 - INFO     ->  16 -  39 -  .   - ['16123A511000310000GL'], 450.5
2024-10-10 17:34:12,205 - INFO     ->  16 -  40 -  .   - ['16256A510000560000IF'], 2125.0
2024-10-10 17:34:12,205 - INFO     ->  16 -  41 -  .   - ['16256A510000680000IE'], 416.5
2024-10-10 17:34:12,205 - INFO     ->  16 -  42 -  .   - ['16256A513000510000IF'], 892.5
2024-10-10 17:34:12,205 - INFO     ->  16 -  43 -  .   - ['16256A513000520000IM'], 255.0
2024-10-10 17:34:12,205 - INFO     ->  16 -  44 -  .   - ['16256A515000990000IM'], 1275.0
2024-10-10 17:34:12,205 - INFO     ->  16 -  45 -  .   - ['16256A516000450000IO'], 977.5
2024-10-10 17:34:12,205 - INFO     ->  16 -  46 -  .   - ['16256A525000400000II'], 743.75
2024-10-10 17:34:12,205 - INFO     ->  16 -  47 -  .   - ['16233A507000260000OO'], 6375.0
2024-10-10 17:34:12,205 - INFO     ->  16 -  48 -  .   - ['16233A507000300000OK'], 255.0
2024-10-10 17:34:12,205 - INFO     ->  16 -  49 -  .   - ['16256A511000300000IP'], 6502.5
2024-10-10 17:34:12,205 - INFO     ->  16 -  50 -  .   - ['16256A512000650000IY'], 1986.88
2024-10-10 17:34:12,205 - INFO     ->  16 -  51 -  .   - ['16256A516000490000IX'], 1408.88
2024-10-10 17:34:12,205 - INFO     ->  16 -  52 -  .   - ['16256A521000660000ID'], 1192.13
2024-10-10 17:34:12,205 - INFO     ->  16 -  53 -  .   - ['16123A509001370000GM'], 484.08
2024-10-10 17:34:12,205 - WARNING  ->  16 -  54 -  .   - Failed to process the lote 54
2024-10-10 17:34:12,205 - WARNING  ->  16 -  55 -  .   - Failed to process the lote 55
2024-10-10 17:34:12,205 - INFO     ->  16 -  56 -  .   - ['16123A524000410000GW'], 552.71
2024-10-10 17:34:12,205 - INFO     ->  16 -  57 -  .   - ['16123A520001480000GO'], 399.19
2024-10-10 17:34:12,205 - INFO     ->  16 -  58 -  .   - ['16123A508001510000GA', '16123A511010180000GU'], 775.64
2024-10-10 17:34:37,958 - INFO     ->  16 -  1  -  1   - Successfully downloaded PDF and KML of the land '16102A502000230000QX' with coordinates '39Â°52'25.2"N 1Â°28'20.2"W' and data: {'localizacion': 'PolÃ­gono 502 Parcela 23\nALIAGARES. HENAREJOS (CUENCA)', 'provincia': 'CUENCA', 'municipio': 'HENAREJOS ', 'clase': 'RÃºstico', 'uso': 'Agrario', 'cultivo': 'E- Pastos'}.
2024-10-10 17:34:45,393 - INFO     ->  16 -  1  -  1   - Land '16102A502000230000QX' is in 'CUENCA' province. More precisely is on 'GARABALLA' locality with C.P. 16312
2024-10-10 17:34:57,742 - INFO     ->  16 -  1  -  1   - Screenshot of the land '16102A502000230000QX' has been taken successfully.
2024-10-10 17:35:17,570 - WARNING  ->  16 -  1  -  1   - The land '16102A502000230000QX' is 'RÃºstico' but doesn't has a report.
2024-10-10 17:35:17,570 - INFO     ->  16 -  1  -  1   - The land '16102A502000230000QX' has the next value 2957.18. 
2024-10-10 17:35:21,065 - INFO     ->  16 -  1  -  1   - Population info about land '16102A502000230000QX' has been extracted successfully: Now -> None /// Five years ago -> None
2024-10-10 17:35:26,206 - INFO     ->  16 -  1  -  1   - Number of transactions of 'Fincas Rusticas' where land '16102A502000230000QX' is located: Now -> 3724 /// Seven years ago -> 3339
2024-10-10 17:35:53,233 - INFO     ->  16 -  1  -  1   - Enterprises near land '16102A502000230000QX' located on C.P. 16312 have been extracted successfully: ['MONTERO Y GARCIA BROILERS SL.']
2024-10-10 17:36:08,164 - INFO     ->  16 -  1  -  1   - Car and foot distance and time from '16102A502000230000QX' - 'MONTERO Y GARCIA BROILERS SL.' has been extracted successfully.
2024-10-10 17:40:47,562 - INFO     ->  16 -  .  -  .   - Auction retrieved: https://www.hacienda.gob.es/es-ES/Areas%20Tematicas/Patrimonio%20del%20Estado/Gestion%20Patrimonial%20del%20Estado/Paginas/Subastas/DEH-CUENCA-Subasta-publica.aspx
2024-10-10 17:40:50,043 - INFO     ->  16 -  .  -  .   - List of lands: https://www.hacienda.gob.es/DGPatrimonio/GestiÃ³n%20Patrimonial/subastas/DEH_CUENCA/Pliego%20de%20condiciones.pdf
2024-10-10 17:40:52,601 - INFO     ->  16 -  1  -  .   - ['16102A502000230000QX'], 3025.0
2024-10-10 17:40:52,601 - INFO     ->  16 -  2  -  .   - ['16102A502000490000QK'], 8500.0
2024-10-10 17:40:52,601 - INFO     ->  16 -  3  -  .   - ['16102A502000960000QU'], 710.98
2024-10-10 17:40:52,601 - INFO     ->  16 -  4  -  .   - ['16102A503000010000QI'], 3350.0
2024-10-10 17:40:52,601 - INFO     ->  16 -  5  -  .   - ['16102A503000190000QT'], 750.0
2024-10-10 17:40:52,601 - INFO     ->  16 -  6  -  .   - ['16102A503000230000QF'], 2450.0
2024-10-10 17:40:52,601 - INFO     ->  16 -  7  -  .   - ['16102A503000320000QX'], 6651.12
2024-10-10 17:40:52,601 - INFO     ->  16 -  8  -  .   - ['16102A504000230000QY'], 1850.0
2024-10-10 17:40:52,601 - INFO     ->  16 -  9  -  .   - ['16102A505000060000QF'], 5300.0
2024-10-10 17:40:52,601 - INFO     ->  16 -  10 -  .   - ['16102A506000280000QS'], 550.0
2024-10-10 17:40:52,601 - INFO     ->  16 -  11 -  .   - ['16102A506000330000QU'], 2100.0
2024-10-10 17:40:52,601 - INFO     ->  16 -  12 -  .   - ['16102A506000510000QM'], 17500.0
2024-10-10 17:40:52,601 - INFO     ->  16 -  13 -  .   - ['16102A507001060000QW'], 380.0
2024-10-10 17:40:52,602 - INFO     ->  16 -  14 -  .   - ['16102A508000290000QT'], 210.0
2024-10-10 17:40:52,602 - INFO     ->  16 -  15 -  .   - ['16102A508000330000QF'], 240.0
2024-10-10 17:40:52,602 - INFO     ->  16 -  16 -  .   - ['16102A508000380000QD'], 209.51
2024-10-10 17:40:52,602 - INFO     ->  16 -  17 -  .   - ['16102A508000490000QH'], 300.0
2024-10-10 17:40:52,602 - INFO     ->  16 -  18 -  .   - ['16102A509000010000QY'], 560.0
2024-10-10 17:40:52,602 - INFO     ->  16 -  19 -  .   - ['16102A510000010000QX'], 4512.8
2024-10-10 17:40:52,602 - INFO     ->  16 -  20 -  .   - ['16102A512000580000QH'], 750.0
2024-10-10 17:40:52,602 - INFO     ->  16 -  21 -  .   - ['16102A512000620000QW'], 200.0
2024-10-10 17:40:52,602 - INFO     ->  16 -  22 -  .   - ['16102A515000470000QS'], 775.0
2024-10-10 17:40:52,602 - INFO     ->  16 -  23 -  .   - ['16233A501000170000OE'], 300.0
2024-10-10 17:40:52,602 - INFO     ->  16 -  24 -  .   - ['16233A501000630000OY'], 10283.18
2024-10-10 17:40:52,602 - INFO     ->  16 -  25 -  .   - ['16233A501000700000OL'], 5834.87
2024-10-10 17:40:52,602 - INFO     ->  16 -  26 -  .   - ['16233A503000150000OG'], 300.0
2024-10-10 17:40:52,602 - INFO     ->  16 -  27 -  .   - ['16233A503000200000OP'], 900.0
2024-10-10 17:40:52,602 - INFO     ->  16 -  28 -  .   - ['16233A503000340000OJ'], 4150.0
2024-10-10 17:40:52,602 - INFO     ->  16 -  29 -  .   - ['16233A506000020000OH'], 6000.0
2024-10-10 17:40:52,602 - INFO     ->  16 -  30 -  .   - ['16233A506000040000OA'], 1050.0
2024-10-10 17:40:52,602 - INFO     ->  16 -  31 -  .   - ['16233A506000060000OY'], 3700.0
2024-10-10 17:40:52,602 - INFO     ->  16 -  32 -  .   - ['16233A506000090000OP'], 400.0
2024-10-10 17:40:52,602 - INFO     ->  16 -  33 -  .   - ['16233A506010010000OS'], 2830.0
2024-10-10 17:40:52,602 - INFO     ->  16 -  34 -  .   - ['16233A506010020000OZ'], 300.0
2024-10-10 17:40:52,602 - INFO     ->  16 -  35 -  .   - ['16233A508000220000OA'], 1383.67
2024-10-10 17:40:52,602 - INFO     ->  16 -  36 -  .   - ['16233A551000250000OZ'], 3650.0
2024-10-10 17:40:52,602 - INFO     ->  16 -  37 -  .   - ['16123A501000250000GW'], 1083.75
2024-10-10 17:40:52,602 - INFO     ->  16 -  38 -  .   - ['16123A511001620000GF'], 1117.75
2024-10-10 17:40:52,602 - INFO     ->  16 -  39 -  .   - ['16123A511000310000GL'], 450.5
2024-10-10 17:40:52,602 - INFO     ->  16 -  40 -  .   - ['16256A510000560000IF'], 2125.0
2024-10-10 17:40:52,602 - INFO     ->  16 -  41 -  .   - ['16256A510000680000IE'], 416.5
2024-10-10 17:40:52,602 - INFO     ->  16 -  42 -  .   - ['16256A513000510000IF'], 892.5
2024-10-10 17:40:52,602 - INFO     ->  16 -  43 -  .   - ['16256A513000520000IM'], 255.0
2024-10-10 17:40:52,602 - INFO     ->  16 -  44 -  .   - ['16256A515000990000IM'], 1275.0
2024-10-10 17:40:52,602 - INFO     ->  16 -  45 -  .   - ['16256A516000450000IO'], 977.5
2024-10-10 17:40:52,602 - INFO     ->  16 -  46 -  .   - ['16256A525000400000II'], 743.75
2024-10-10 17:40:52,603 - INFO     ->  16 -  47 -  .   - ['16233A507000260000OO'], 6375.0
2024-10-10 17:40:52,603 - INFO     ->  16 -  48 -  .   - ['16233A507000300000OK'], 255.0
2024-10-10 17:40:52,603 - INFO     ->  16 -  49 -  .   - ['16256A511000300000IP'], 6502.5
2024-10-10 17:40:52,603 - INFO     ->  16 -  50 -  .   - ['16256A512000650000IY'], 1986.88
2024-10-10 17:40:52,603 - INFO     ->  16 -  51 -  .   - ['16256A516000490000IX'], 1408.88
2024-10-10 17:40:52,603 - INFO     ->  16 -  52 -  .   - ['16256A521000660000ID'], 1192.13
2024-10-10 17:40:52,603 - INFO     ->  16 -  53 -  .   - ['16123A509001370000GM'], 484.08
2024-10-10 17:40:52,603 - WARNING  ->  16 -  54 -  .   - Failed to process the lote 54
2024-10-10 17:40:52,603 - WARNING  ->  16 -  55 -  .   - Failed to process the lote 55
2024-10-10 17:40:52,603 - INFO     ->  16 -  56 -  .   - ['16123A524000410000GW'], 552.71
2024-10-10 17:40:52,603 - INFO     ->  16 -  57 -  .   - ['16123A520001480000GO'], 399.19
2024-10-10 17:40:52,603 - INFO     ->  16 -  58 -  .   - ['16123A508001510000GA', '16123A511010180000GU'], 775.64
2024-10-10 17:41:19,693 - INFO     ->  16 -  1  -  1   - Successfully downloaded PDF and KML of the land '16102A502000230000QX' with coordinates '39Â°52'25.2"N 1Â°28'20.2"W' and data: {'localizacion': 'PolÃ­gono 502 Parcela 23\nALIAGARES. HENAREJOS (CUENCA)', 'provincia': 'CUENCA', 'municipio': 'HENAREJOS ', 'clase': 'RÃºstico', 'uso': 'Agrario', 'cultivo': 'E- Pastos'}.
2024-10-10 17:41:25,436 - INFO     ->  16 -  1  -  1   - Land '16102A502000230000QX' is in 'CUENCA' province. More precisely is on 'GARABALLA' locality with C.P. 16312
2024-10-10 17:41:39,554 - INFO     ->  16 -  1  -  1   - Screenshot of the land '16102A502000230000QX' has been taken successfully.
2024-10-10 17:41:59,409 - WARNING  ->  16 -  1  -  1   - The land '16102A502000230000QX' is 'RÃºstico' but doesn't has a report.
2024-10-10 17:41:59,410 - INFO     ->  16 -  1  -  1   - The land '16102A502000230000QX' has the next value 2957.18. 
2024-10-10 17:42:03,580 - INFO     ->  16 -  1  -  1   - Population info about land '16102A502000230000QX' has been extracted successfully: Now -> None /// Five years ago -> None
2024-10-10 17:42:08,595 - INFO     ->  16 -  1  -  1   - Number of transactions of 'Fincas Rusticas' where land '16102A502000230000QX' is located: Now -> 3724 /// Seven years ago -> 3339
2024-10-10 17:42:41,686 - INFO     ->  16 -  1  -  1   - Enterprises near land '16102A502000230000QX' located on C.P. 16312 have been extracted successfully: ['MONTERO Y GARCIA BROILERS SL.']
2024-10-10 17:42:57,419 - INFO     ->  16 -  1  -  1   - Car and foot distance and time from '16102A502000230000QX' - 'MONTERO Y GARCIA BROILERS SL.' has been extracted successfully.
